Using pre-set license
Built from '2020.3/staging' branch; Version is '2020.3.11f1 (99c7afb366b3) revision 10078127'; Using compiler version '192528614'; Build Type 'Release'
OS: 'Windows 10 Pro; OS build 19042.985; Version 2009; 64bit' Language: 'en' Physical Memory: 8144 MB
BatchMode: 1, IsHumanControllingUs: 0, StartBugReporterOnCrash: 0, Is64bit: 1, IsPro: 0

 COMMAND LINE ARGUMENTS:
E:\Unity\Editor\2020.3.11f1\Editor\Unity.exe
-adb2
-batchMode
-noUpm
-name
AssetImportWorker0
-projectPath
E:/Unity/Project/FireAndIce_N7
-logFile
Logs/AssetImportWorker0.log
-srvPort
57448
Successfully changed project path to: E:/Unity/Project/FireAndIce_N7
E:/Unity/Project/FireAndIce_N7
Using Asset Import Pipeline V2.
Refreshing native plugins compatible for Editor in 57.80 ms, found 3 plugins.
Preloading 0 native plugins for Editor in 0.00 ms.
Initialize engine version: 2020.3.11f1 (99c7afb366b3)
[Subsystems] Discovering subsystems at path E:/Unity/Editor/2020.3.11f1/Editor/Data/Resources/UnitySubsystems
[Subsystems] Discovering subsystems at path E:/Unity/Project/FireAndIce_N7/Assets
GfxDevice: creating device client; threaded=0
Direct3D:
    Version:  Direct3D 11.0 [level 11.1]
    Renderer: NVIDIA GeForce GTX 1050 Ti (ID=0x1c82)
    Vendor:   
    VRAM:     4018 MB
    Driver:   27.21.14.6647
Initialize mono
Mono path[0] = 'E:/Unity/Editor/2020.3.11f1/Editor/Data/Managed'
Mono path[1] = 'E:/Unity/Editor/2020.3.11f1/Editor/Data/MonoBleedingEdge/lib/mono/unityjit'
Mono config path = 'E:/Unity/Editor/2020.3.11f1/Editor/Data/MonoBleedingEdge/etc'
Using monoOptions --debugger-agent=transport=dt_socket,embedding=1,server=y,suspend=n,address=127.0.0.1:56724
Begin MonoManager ReloadAssembly
Registering precompiled unity dll's ...
Register platform support module: E:/Unity/Editor/2020.3.11f1/Editor/Data/PlaybackEngines/WindowsStandaloneSupport/UnityEditor.WindowsStandalone.Extensions.dll
Registered in 0.001357 seconds.
Native extension for WindowsStandalone target not found
Refreshing native plugins compatible for Editor in 53.22 ms, found 3 plugins.
Preloading 0 native plugins for Editor in 0.00 ms.
Mono: successfully reloaded assembly
- Completed reload, in  1.185 seconds
Platform modules already initialized, skipping
Registering precompiled user dll's ...
Registered in 0.003641 seconds.
Begin MonoManager ReloadAssembly
Native extension for WindowsStandalone target not found
Refreshing native plugins compatible for Editor in 53.37 ms, found 3 plugins.
Preloading 0 native plugins for Editor in 0.00 ms.
Mono: successfully reloaded assembly
- Completed reload, in  1.364 seconds
Platform modules already initialized, skipping
========================================================================
Worker process is ready to serve import requests
Launched and connected shader compiler UnityShaderCompiler.exe after 0.09 seconds
Refreshing native plugins compatible for Editor in 0.96 ms, found 3 plugins.
Preloading 0 native plugins for Editor in 0.00 ms.
Unloading 2100 Unused Serialized files (Serialized files now loaded: 0)
System memory in use before: 93.5 MB.
System memory in use after: 93.4 MB.

Unloading 33 unused Assets to reduce memory usage. Loaded Objects now: 2536.
Total: 2.863500 ms (FindLiveObjects: 0.288100 ms CreateObjectMapping: 0.060800 ms MarkObjects: 2.328400 ms  DeleteObjects: 0.183700 ms)

========================================================================
Received Import Request.
  path: Assets/Animation/IceCharacter.controller
  artifactKey: Guid(c41ed0fcfe053b546ba1f2d84d9f30b1) Importer(815301076,1909f56bfc062723c751e8b465ee728b)
Start importing Assets/Animation/IceCharacter.controller using Guid(c41ed0fcfe053b546ba1f2d84d9f30b1) Importer(815301076,1909f56bfc062723c751e8b465ee728b)  -> (artifact id: '300f114ae22011e75359166c7f18a7b9') in 0.076544 seconds
  Import took 0.081281 seconds .

========================================================================
Received Import Request.
  Time since last request: 0.000418 seconds.
  path: Assets/Animation/FireCharacter.controller
  artifactKey: Guid(fa9ba7346cf7b6c488e8ed9b4c82fc1f) Importer(815301076,1909f56bfc062723c751e8b465ee728b)
Start importing Assets/Animation/FireCharacter.controller using Guid(fa9ba7346cf7b6c488e8ed9b4c82fc1f) Importer(815301076,1909f56bfc062723c751e8b465ee728b)  -> (artifact id: '8fe1304cd2d0fe95a707be4392c53dc4') in 0.012448 seconds
  Import took 0.016715 seconds .

========================================================================
Received Import Request.
  Time since last request: 169.561896 seconds.
  path: Assets/Scripts/FireCharacter.cs
  artifactKey: Guid(5a202e701ab2f4a458bd53f95350201c) Importer(815301076,1909f56bfc062723c751e8b465ee728b)
Start importing Assets/Scripts/FireCharacter.cs using Guid(5a202e701ab2f4a458bd53f95350201c) Importer(815301076,1909f56bfc062723c751e8b465ee728b)  -> (artifact id: 'd5360793cc6b7dd761833d24892e6b39') in 0.008966 seconds
  Import took 0.012902 seconds .

========================================================================
Received Import Request.
  Time since last request: 0.006411 seconds.
  path: Assets/Scripts/FireCharacter.cs
  artifactKey: Guid(5a202e701ab2f4a458bd53f95350201c) Importer(815301076,1909f56bfc062723c751e8b465ee728b)
Start importing Assets/Scripts/FireCharacter.cs using Guid(5a202e701ab2f4a458bd53f95350201c) Importer(815301076,1909f56bfc062723c751e8b465ee728b)  -> (artifact id: 'd5360793cc6b7dd761833d24892e6b39') in 0.002709 seconds
  Import took 0.006436 seconds .

========================================================================
Received Import Request.
  Time since last request: 2.942786 seconds.
  path: Assets/Scripts/AnimationController.cs
  artifactKey: Guid(01b5d5a8181269c43972b897a919de3c) Importer(815301076,1909f56bfc062723c751e8b465ee728b)
Start importing Assets/Scripts/AnimationController.cs using Guid(01b5d5a8181269c43972b897a919de3c) Importer(815301076,1909f56bfc062723c751e8b465ee728b)  -> (artifact id: '97aa64437173673c9be40ad8f825c321') in 0.007939 seconds
  Import took 0.011839 seconds .

========================================================================
Received Import Request.
  Time since last request: 50.291891 seconds.
  path: Assets/Scripts/AnimationController.cs
  artifactKey: Guid(01b5d5a8181269c43972b897a919de3c) Importer(815301076,1909f56bfc062723c751e8b465ee728b)
Start importing Assets/Scripts/AnimationController.cs using Guid(01b5d5a8181269c43972b897a919de3c) Importer(815301076,1909f56bfc062723c751e8b465ee728b)  -> (artifact id: 'ba55539b3c4652521eb586b7b74fab33') in 0.003045 seconds
  Import took 0.007263 seconds .

========================================================================
Received Prepare
Registering precompiled user dll's ...
Registered in 0.048980 seconds.
Begin MonoManager ReloadAssembly
Native extension for WindowsStandalone target not found
Refreshing native plugins compatible for Editor in 0.62 ms, found 3 plugins.
Preloading 0 native plugins for Editor in 0.00 ms.
Mono: successfully reloaded assembly
- Completed reload, in  1.189 seconds
Platform modules already initialized, skipping
Refreshing native plugins compatible for Editor in 0.60 ms, found 3 plugins.
Preloading 0 native plugins for Editor in 0.00 ms.
Unloading 2095 Unused Serialized files (Serialized files now loaded: 0)
System memory in use before: 93.5 MB.
System memory in use after: 93.5 MB.

Unloading 21 unused Assets to reduce memory usage. Loaded Objects now: 2540.
Total: 3.056400 ms (FindLiveObjects: 0.268400 ms CreateObjectMapping: 0.061200 ms MarkObjects: 2.582500 ms  DeleteObjects: 0.142100 ms)

========================================================================
Received Import Request.
  Time since last request: 45.515941 seconds.
  path: Assets/Scenes/Level1.unity
  artifactKey: Guid(8748f3995517ba64ab57c1f1f394b20d) Importer(815301076,1909f56bfc062723c751e8b465ee728b)
Start importing Assets/Scenes/Level1.unity using Guid(8748f3995517ba64ab57c1f1f394b20d) Importer(815301076,1909f56bfc062723c751e8b465ee728b)  -> (artifact id: '640209333fd8a42ba9d65a28b3d1ef98') in 0.014401 seconds
  Import took 0.018414 seconds .

========================================================================
Received Import Request.
  Time since last request: 0.013917 seconds.
  path: Assets/Scenes/Level1.unity
  artifactKey: Guid(8748f3995517ba64ab57c1f1f394b20d) Importer(815301076,1909f56bfc062723c751e8b465ee728b)
Start importing Assets/Scenes/Level1.unity using Guid(8748f3995517ba64ab57c1f1f394b20d) Importer(815301076,1909f56bfc062723c751e8b465ee728b)  -> (artifact id: '640209333fd8a42ba9d65a28b3d1ef98') in 0.003250 seconds
  Import took 0.007275 seconds .

========================================================================
Received Import Request.
  Time since last request: 27.851541 seconds.
  path: Assets/Animation/Dead Fire.anim
  artifactKey: Guid(e9f18539b800c8f499a75cfec816cb2d) Importer(815301076,1909f56bfc062723c751e8b465ee728b)
Start importing Assets/Animation/Dead Fire.anim using Guid(e9f18539b800c8f499a75cfec816cb2d) Importer(815301076,1909f56bfc062723c751e8b465ee728b)  -> (artifact id: 'b0e074925ddb0bfc8b5a26ee3ceb41d8') in 0.033545 seconds
  Import took 0.037784 seconds .

========================================================================
Received Import Request.
  Time since last request: 0.077465 seconds.
  path: Assets/Animation/Dead Fire.anim
  artifactKey: Guid(e9f18539b800c8f499a75cfec816cb2d) Importer(815301076,1909f56bfc062723c751e8b465ee728b)
Start importing Assets/Animation/Dead Fire.anim using Guid(e9f18539b800c8f499a75cfec816cb2d) Importer(815301076,1909f56bfc062723c751e8b465ee728b)  -> (artifact id: 'b0e074925ddb0bfc8b5a26ee3ceb41d8') in 0.003302 seconds
  Import took 0.007518 seconds .

========================================================================
Received Prepare
Registering precompiled user dll's ...
Registered in 0.003794 seconds.
Begin MonoManager ReloadAssembly
Native extension for WindowsStandalone target not found
Refreshing native plugins compatible for Editor in 0.62 ms, found 3 plugins.
Preloading 0 native plugins for Editor in 0.00 ms.
Mono: successfully reloaded assembly
- Completed reload, in  1.238 seconds
Platform modules already initialized, skipping
Refreshing native plugins compatible for Editor in 0.60 ms, found 3 plugins.
Preloading 0 native plugins for Editor in 0.00 ms.
Unloading 2095 Unused Serialized files (Serialized files now loaded: 0)
System memory in use before: 93.5 MB.
System memory in use after: 93.5 MB.

Unloading 21 unused Assets to reduce memory usage. Loaded Objects now: 2544.
Total: 2.965300 ms (FindLiveObjects: 0.264300 ms CreateObjectMapping: 0.073000 ms MarkObjects: 2.486800 ms  DeleteObjects: 0.139500 ms)

========================================================================
Received Prepare
Registering precompiled user dll's ...
Registered in 0.006715 seconds.
Begin MonoManager ReloadAssembly
Native extension for WindowsStandalone target not found
Refreshing native plugins compatible for Editor in 0.87 ms, found 3 plugins.
Preloading 0 native plugins for Editor in 0.00 ms.
Mono: successfully reloaded assembly
- Completed reload, in  1.234 seconds
Platform modules already initialized, skipping
Refreshing native plugins compatible for Editor in 0.66 ms, found 3 plugins.
Preloading 0 native plugins for Editor in 0.00 ms.
Unloading 2095 Unused Serialized files (Serialized files now loaded: 0)
System memory in use before: 93.5 MB.
System memory in use after: 93.5 MB.

Unloading 21 unused Assets to reduce memory usage. Loaded Objects now: 2548.
Total: 3.918400 ms (FindLiveObjects: 0.407100 ms CreateObjectMapping: 0.068500 ms MarkObjects: 3.276200 ms  DeleteObjects: 0.162800 ms)

========================================================================
Received Prepare
Registering precompiled user dll's ...
Registered in 0.005804 seconds.
Begin MonoManager ReloadAssembly
Native extension for WindowsStandalone target not found
Refreshing native plugins compatible for Editor in 0.60 ms, found 3 plugins.
Preloading 0 native plugins for Editor in 0.00 ms.
Mono: successfully reloaded assembly
- Completed reload, in  1.203 seconds
Platform modules already initialized, skipping
Refreshing native plugins compatible for Editor in 0.65 ms, found 3 plugins.
Preloading 0 native plugins for Editor in 0.00 ms.
Unloading 2095 Unused Serialized files (Serialized files now loaded: 0)
System memory in use before: 93.5 MB.
System memory in use after: 93.5 MB.

Unloading 21 unused Assets to reduce memory usage. Loaded Objects now: 2552.
Total: 3.141300 ms (FindLiveObjects: 0.263100 ms CreateObjectMapping: 0.070600 ms MarkObjects: 2.658600 ms  DeleteObjects: 0.147200 ms)

========================================================================
Received Prepare
Registering precompiled user dll's ...
Registered in 0.003630 seconds.
Begin MonoManager ReloadAssembly
Native extension for WindowsStandalone target not found
Refreshing native plugins compatible for Editor in 0.66 ms, found 3 plugins.
Preloading 0 native plugins for Editor in 0.00 ms.
Mono: successfully reloaded assembly
- Completed reload, in  1.220 seconds
Platform modules already initialized, skipping
Refreshing native plugins compatible for Editor in 0.60 ms, found 3 plugins.
Preloading 0 native plugins for Editor in 0.00 ms.
Unloading 2095 Unused Serialized files (Serialized files now loaded: 0)
System memory in use before: 93.6 MB.
System memory in use after: 93.5 MB.

Unloading 21 unused Assets to reduce memory usage. Loaded Objects now: 2556.
Total: 2.804100 ms (FindLiveObjects: 0.319500 ms CreateObjectMapping: 0.059100 ms MarkObjects: 2.288600 ms  DeleteObjects: 0.134900 ms)

========================================================================
Received Prepare
Registering precompiled user dll's ...
Registered in 0.004926 seconds.
Begin MonoManager ReloadAssembly
Native extension for WindowsStandalone target not found
Refreshing native plugins compatible for Editor in 0.68 ms, found 3 plugins.
Preloading 0 native plugins for Editor in 0.00 ms.
Mono: successfully reloaded assembly
- Completed reload, in  1.216 seconds
Platform modules already initialized, skipping
Refreshing native plugins compatible for Editor in 0.70 ms, found 3 plugins.
Preloading 0 native plugins for Editor in 0.00 ms.
Unloading 2095 Unused Serialized files (Serialized files now loaded: 0)
System memory in use before: 93.6 MB.
System memory in use after: 93.5 MB.

Unloading 21 unused Assets to reduce memory usage. Loaded Objects now: 2560.
Total: 2.689000 ms (FindLiveObjects: 0.259500 ms CreateObjectMapping: 0.059700 ms MarkObjects: 2.231000 ms  DeleteObjects: 0.137100 ms)

========================================================================
Received Prepare
Registering precompiled user dll's ...
Registered in 0.003923 seconds.
Begin MonoManager ReloadAssembly
Native extension for WindowsStandalone target not found
Refreshing native plugins compatible for Editor in 0.60 ms, found 3 plugins.
Preloading 0 native plugins for Editor in 0.00 ms.
Mono: successfully reloaded assembly
- Completed reload, in  1.204 seconds
Platform modules already initialized, skipping
Refreshing native plugins compatible for Editor in 0.61 ms, found 3 plugins.
Preloading 0 native plugins for Editor in 0.00 ms.
Unloading 2095 Unused Serialized files (Serialized files now loaded: 0)
System memory in use before: 93.6 MB.
System memory in use after: 93.6 MB.

Unloading 21 unused Assets to reduce memory usage. Loaded Objects now: 2564.
Total: 3.023400 ms (FindLiveObjects: 0.304000 ms CreateObjectMapping: 0.059100 ms MarkObjects: 2.505100 ms  DeleteObjects: 0.152800 ms)

========================================================================
Received Prepare
Registering precompiled user dll's ...
Registered in 0.003793 seconds.
Begin MonoManager ReloadAssembly
Native extension for WindowsStandalone target not found
Refreshing native plugins compatible for Editor in 0.87 ms, found 3 plugins.
Preloading 0 native plugins for Editor in 0.00 ms.
Mono: successfully reloaded assembly
- Completed reload, in  1.225 seconds
Platform modules already initialized, skipping
Refreshing native plugins compatible for Editor in 0.62 ms, found 3 plugins.
Preloading 0 native plugins for Editor in 0.00 ms.
Unloading 2095 Unused Serialized files (Serialized files now loaded: 0)
System memory in use before: 93.6 MB.
System memory in use after: 93.6 MB.

Unloading 21 unused Assets to reduce memory usage. Loaded Objects now: 2568.
Total: 2.738100 ms (FindLiveObjects: 0.269600 ms CreateObjectMapping: 0.058900 ms MarkObjects: 2.278700 ms  DeleteObjects: 0.129500 ms)

========================================================================
Received Import Request.
  Time since last request: 413.087581 seconds.
  path: Assets/Scripts
  artifactKey: Guid(fc7536c8665c97744838a5c71c5530d3) Importer(815301076,1909f56bfc062723c751e8b465ee728b)
Start importing Assets/Scripts using Guid(fc7536c8665c97744838a5c71c5530d3) Importer(815301076,1909f56bfc062723c751e8b465ee728b)  -> (artifact id: '2413b2044605498a1c75be751da8f57b') in 0.019448 seconds
  Import took 0.023790 seconds .

========================================================================
Received Import Request.
  Time since last request: 1.136806 seconds.
  path: Assets/Scripts/AnimationControllerIce.cs
  artifactKey: Guid(a8cd2b81842790447a64e52e96999da0) Importer(815301076,1909f56bfc062723c751e8b465ee728b)
Start importing Assets/Scripts/AnimationControllerIce.cs using Guid(a8cd2b81842790447a64e52e96999da0) Importer(815301076,1909f56bfc062723c751e8b465ee728b)  -> (artifact id: 'fb4f1fdb7dc2fc0de782a172ce208756') in 0.009415 seconds
  Import took 0.013780 seconds .

========================================================================
Received Prepare
Registering precompiled user dll's ...
Registered in 0.003620 seconds.
Begin MonoManager ReloadAssembly
Native extension for WindowsStandalone target not found
Refreshing native plugins compatible for Editor in 0.64 ms, found 3 plugins.
Preloading 0 native plugins for Editor in 0.00 ms.
Mono: successfully reloaded assembly
- Completed reload, in  1.223 seconds
Platform modules already initialized, skipping
Refreshing native plugins compatible for Editor in 0.66 ms, found 3 plugins.
Preloading 0 native plugins for Editor in 0.00 ms.
Unloading 2095 Unused Serialized files (Serialized files now loaded: 0)
System memory in use before: 93.6 MB.
System memory in use after: 93.6 MB.

Unloading 21 unused Assets to reduce memory usage. Loaded Objects now: 2572.
Total: 3.020000 ms (FindLiveObjects: 0.290000 ms CreateObjectMapping: 0.074400 ms MarkObjects: 2.515600 ms  DeleteObjects: 0.138200 ms)

========================================================================
Received Import Request.
  Time since last request: 28.050029 seconds.
  path: Assets/Scripts/AnimationControllerIce.cs
  artifactKey: Guid(a8cd2b81842790447a64e52e96999da0) Importer(815301076,1909f56bfc062723c751e8b465ee728b)
Start importing Assets/Scripts/AnimationControllerIce.cs using Guid(a8cd2b81842790447a64e52e96999da0) Importer(815301076,1909f56bfc062723c751e8b465ee728b)  -> (artifact id: 'a65c0a87e90036e816f75cf565889ebb') in 0.006259 seconds
  Import took 0.010403 seconds .

========================================================================
Received Import Request.
  Time since last request: 0.006616 seconds.
  path: Assets/Scripts/AnimationControllerIce.cs
  artifactKey: Guid(a8cd2b81842790447a64e52e96999da0) Importer(815301076,1909f56bfc062723c751e8b465ee728b)
Start importing Assets/Scripts/AnimationControllerIce.cs using Guid(a8cd2b81842790447a64e52e96999da0) Importer(815301076,1909f56bfc062723c751e8b465ee728b)  -> (artifact id: 'a65c0a87e90036e816f75cf565889ebb') in 0.002761 seconds
  Import took 0.006650 seconds .

========================================================================
Received Prepare
Registering precompiled user dll's ...
Registered in 0.003697 seconds.
Begin MonoManager ReloadAssembly
Native extension for WindowsStandalone target not found
Refreshing native plugins compatible for Editor in 0.61 ms, found 3 plugins.
Preloading 0 native plugins for Editor in 0.00 ms.
Mono: successfully reloaded assembly
- Completed reload, in  1.210 seconds
Platform modules already initialized, skipping
Refreshing native plugins compatible for Editor in 0.59 ms, found 3 plugins.
Preloading 0 native plugins for Editor in 0.00 ms.
Unloading 2095 Unused Serialized files (Serialized files now loaded: 0)
System memory in use before: 93.6 MB.
System memory in use after: 93.6 MB.

Unloading 21 unused Assets to reduce memory usage. Loaded Objects now: 2576.
Total: 2.929500 ms (FindLiveObjects: 0.272200 ms CreateObjectMapping: 0.071800 ms MarkObjects: 2.442800 ms  DeleteObjects: 0.141100 ms)

========================================================================
Received Import Request.
  Time since last request: 71.283306 seconds.
  path: Assets/Animation/Dead Ice.anim
  artifactKey: Guid(0de036432ff81af4e89499d905fdb25b) Importer(815301076,1909f56bfc062723c751e8b465ee728b)
Start importing Assets/Animation/Dead Ice.anim using Guid(0de036432ff81af4e89499d905fdb25b) Importer(815301076,1909f56bfc062723c751e8b465ee728b)  -> (artifact id: 'bcd253121ae4785147d18e1cfb190272') in 0.027531 seconds
  Import took 0.032031 seconds .

========================================================================
Received Prepare
Registering precompiled user dll's ...
Registered in 0.003643 seconds.
Begin MonoManager ReloadAssembly
Native extension for WindowsStandalone target not found
Refreshing native plugins compatible for Editor in 0.89 ms, found 3 plugins.
Preloading 0 native plugins for Editor in 0.00 ms.
Mono: successfully reloaded assembly
- Completed reload, in  1.200 seconds
Platform modules already initialized, skipping
Refreshing native plugins compatible for Editor in 0.59 ms, found 3 plugins.
Preloading 0 native plugins for Editor in 0.00 ms.
Unloading 2095 Unused Serialized files (Serialized files now loaded: 0)
System memory in use before: 93.6 MB.
System memory in use after: 93.6 MB.

Unloading 21 unused Assets to reduce memory usage. Loaded Objects now: 2580.
Total: 2.942700 ms (FindLiveObjects: 0.269700 ms CreateObjectMapping: 0.060700 ms MarkObjects: 2.436100 ms  DeleteObjects: 0.174300 ms)

========================================================================
Received Prepare
Registering precompiled user dll's ...
Registered in 0.003658 seconds.
Begin MonoManager ReloadAssembly
Native extension for WindowsStandalone target not found
Refreshing native plugins compatible for Editor in 0.67 ms, found 3 plugins.
Preloading 0 native plugins for Editor in 0.00 ms.
Mono: successfully reloaded assembly
- Completed reload, in  1.198 seconds
Platform modules already initialized, skipping
Refreshing native plugins compatible for Editor in 0.65 ms, found 3 plugins.
Preloading 0 native plugins for Editor in 0.00 ms.
Unloading 2095 Unused Serialized files (Serialized files now loaded: 0)
System memory in use before: 93.6 MB.
System memory in use after: 93.6 MB.

Unloading 21 unused Assets to reduce memory usage. Loaded Objects now: 2584.
Total: 2.721400 ms (FindLiveObjects: 0.273900 ms CreateObjectMapping: 0.061600 ms MarkObjects: 2.240100 ms  DeleteObjects: 0.143800 ms)

========================================================================
Received Prepare
Registering precompiled user dll's ...
Registered in 0.004292 seconds.
Begin MonoManager ReloadAssembly
Native extension for WindowsStandalone target not found
Refreshing native plugins compatible for Editor in 0.86 ms, found 3 plugins.
Preloading 0 native plugins for Editor in 0.00 ms.
Mono: successfully reloaded assembly
- Completed reload, in  1.359 seconds
Platform modules already initialized, skipping
Refreshing native plugins compatible for Editor in 0.83 ms, found 3 plugins.
Preloading 0 native plugins for Editor in 0.00 ms.
Unloading 2095 Unused Serialized files (Serialized files now loaded: 0)
System memory in use before: 93.6 MB.
System memory in use after: 93.6 MB.

Unloading 21 unused Assets to reduce memory usage. Loaded Objects now: 2588.
Total: 3.382300 ms (FindLiveObjects: 0.376100 ms CreateObjectMapping: 0.067000 ms MarkObjects: 2.791200 ms  DeleteObjects: 0.146100 ms)

========================================================================
Received Prepare
Registering precompiled user dll's ...
Registered in 0.003660 seconds.
Begin MonoManager ReloadAssembly
Native extension for WindowsStandalone target not found
Refreshing native plugins compatible for Editor in 0.75 ms, found 3 plugins.
Preloading 0 native plugins for Editor in 0.00 ms.
Mono: successfully reloaded assembly
- Completed reload, in  1.223 seconds
Platform modules already initialized, skipping
Refreshing native plugins compatible for Editor in 0.62 ms, found 3 plugins.
Preloading 0 native plugins for Editor in 0.00 ms.
Unloading 2095 Unused Serialized files (Serialized files now loaded: 0)
System memory in use before: 93.6 MB.
System memory in use after: 93.6 MB.

Unloading 21 unused Assets to reduce memory usage. Loaded Objects now: 2592.
Total: 3.731500 ms (FindLiveObjects: 0.357300 ms CreateObjectMapping: 0.067000 ms MarkObjects: 3.109600 ms  DeleteObjects: 0.195100 ms)

========================================================================
Received Import Request.
  Time since last request: 276.795386 seconds.
  path: Assets/UI
  artifactKey: Guid(b5f9465a9fdf14d428df387ee910e225) Importer(815301076,1909f56bfc062723c751e8b465ee728b)
Start importing Assets/UI using Guid(b5f9465a9fdf14d428df387ee910e225) Importer(815301076,1909f56bfc062723c751e8b465ee728b)  -> (artifact id: 'dab9d3a11b77469e25170e5f7d291045') in 0.018770 seconds
  Import took 0.023193 seconds .

========================================================================
Received Import Request.
  Time since last request: 0.039087 seconds.
  path: Assets/UI/UIGamePlay.prefab
  artifactKey: Guid(aa83be2b7a7a38040acf14a23dabfe21) Importer(815301076,1909f56bfc062723c751e8b465ee728b)
Start importing Assets/UI/UIGamePlay.prefab using Guid(aa83be2b7a7a38040acf14a23dabfe21) Importer(815301076,1909f56bfc062723c751e8b465ee728b)  -> (artifact id: 'acc81f9120ffca497dd697d5b60730bd') in 0.072423 seconds
  Import took 0.077187 seconds .

========================================================================
Received Prepare
Registering precompiled user dll's ...
Registered in 0.003736 seconds.
Begin MonoManager ReloadAssembly
Native extension for WindowsStandalone target not found
Refreshing native plugins compatible for Editor in 0.94 ms, found 3 plugins.
Preloading 0 native plugins for Editor in 0.00 ms.
Mono: successfully reloaded assembly
- Completed reload, in  1.247 seconds
Platform modules already initialized, skipping
Refreshing native plugins compatible for Editor in 0.70 ms, found 3 plugins.
Preloading 0 native plugins for Editor in 0.00 ms.
Unloading 2095 Unused Serialized files (Serialized files now loaded: 0)
System memory in use before: 93.7 MB.
System memory in use after: 93.6 MB.

Unloading 21 unused Assets to reduce memory usage. Loaded Objects now: 2596.
Total: 3.310100 ms (FindLiveObjects: 0.486300 ms CreateObjectMapping: 0.070800 ms MarkObjects: 2.603300 ms  DeleteObjects: 0.147400 ms)

========================================================================
Received Prepare
Registering precompiled user dll's ...
Registered in 0.003693 seconds.
Begin MonoManager ReloadAssembly
Native extension for WindowsStandalone target not found
Refreshing native plugins compatible for Editor in 0.78 ms, found 3 plugins.
Preloading 0 native plugins for Editor in 0.00 ms.
Mono: successfully reloaded assembly
- Completed reload, in  1.217 seconds
Platform modules already initialized, skipping
Refreshing native plugins compatible for Editor in 0.66 ms, found 3 plugins.
Preloading 0 native plugins for Editor in 0.00 ms.
Unloading 2095 Unused Serialized files (Serialized files now loaded: 0)
System memory in use before: 93.7 MB.
System memory in use after: 93.7 MB.

Unloading 21 unused Assets to reduce memory usage. Loaded Objects now: 2600.
Total: 2.818700 ms (FindLiveObjects: 0.271100 ms CreateObjectMapping: 0.062000 ms MarkObjects: 2.346400 ms  DeleteObjects: 0.137900 ms)

AssetImportWorkerClient::OnTransportError - code=2 error=End of file
