Using pre-set license
Built from '2020.3/staging' branch; Version is '2020.3.11f1 (99c7afb366b3) revision 10078127'; Using compiler version '192528614'; Build Type 'Release'
OS: 'Windows 10 Pro; OS build 19042.985; Version 2009; 64bit' Language: 'en' Physical Memory: 8144 MB
BatchMode: 1, IsHumanControllingUs: 0, StartBugReporterOnCrash: 0, Is64bit: 1, IsPro: 0

 COMMAND LINE ARGUMENTS:
E:\Unity\Editor\2020.3.11f1\Editor\Unity.exe
-adb2
-batchMode
-noUpm
-name
AssetImportWorker2
-projectPath
E:/Unity/Project/FireAndIce_N7
-logFile
Logs/AssetImportWorker2.log
-srvPort
63888
Successfully changed project path to: E:/Unity/Project/FireAndIce_N7
E:/Unity/Project/FireAndIce_N7
Using Asset Import Pipeline V2.
Refreshing native plugins compatible for Editor in 55.38 ms, found 3 plugins.
Preloading 0 native plugins for Editor in 0.00 ms.
Initialize engine version: 2020.3.11f1 (99c7afb366b3)
[Subsystems] Discovering subsystems at path E:/Unity/Editor/2020.3.11f1/Editor/Data/Resources/UnitySubsystems
[Subsystems] Discovering subsystems at path E:/Unity/Project/FireAndIce_N7/Assets
GfxDevice: creating device client; threaded=0
Direct3D:
    Version:  Direct3D 11.0 [level 11.1]
    Renderer: NVIDIA GeForce GTX 1050 Ti (ID=0x1c82)
    Vendor:   
    VRAM:     4018 MB
    Driver:   27.21.14.6647
Initialize mono
Mono path[0] = 'E:/Unity/Editor/2020.3.11f1/Editor/Data/Managed'
Mono path[1] = 'E:/Unity/Editor/2020.3.11f1/Editor/Data/MonoBleedingEdge/lib/mono/unityjit'
Mono config path = 'E:/Unity/Editor/2020.3.11f1/Editor/Data/MonoBleedingEdge/etc'
Using monoOptions --debugger-agent=transport=dt_socket,embedding=1,server=y,suspend=n,address=127.0.0.1:56124
Begin MonoManager ReloadAssembly
Registering precompiled unity dll's ...
Register platform support module: E:/Unity/Editor/2020.3.11f1/Editor/Data/PlaybackEngines/WindowsStandaloneSupport/UnityEditor.WindowsStandalone.Extensions.dll
Registered in 0.001572 seconds.
Native extension for WindowsStandalone target not found
Refreshing native plugins compatible for Editor in 53.05 ms, found 3 plugins.
Preloading 0 native plugins for Editor in 0.00 ms.
Mono: successfully reloaded assembly
- Completed reload, in  1.156 seconds
Platform modules already initialized, skipping
Registering precompiled user dll's ...
Registered in 0.003822 seconds.
Begin MonoManager ReloadAssembly
Native extension for WindowsStandalone target not found
Refreshing native plugins compatible for Editor in 53.01 ms, found 3 plugins.
Preloading 0 native plugins for Editor in 0.00 ms.
Mono: successfully reloaded assembly
- Completed reload, in  1.599 seconds
Platform modules already initialized, skipping
========================================================================
Worker process is ready to serve import requests
Launched and connected shader compiler UnityShaderCompiler.exe after 0.23 seconds
Refreshing native plugins compatible for Editor in 0.61 ms, found 3 plugins.
Preloading 0 native plugins for Editor in 0.00 ms.
Unloading 2098 Unused Serialized files (Serialized files now loaded: 0)
System memory in use before: 93.4 MB.
System memory in use after: 93.4 MB.

Unloading 33 unused Assets to reduce memory usage. Loaded Objects now: 2534.
Total: 2.782400 ms (FindLiveObjects: 0.260500 ms CreateObjectMapping: 0.060200 ms MarkObjects: 2.269600 ms  DeleteObjects: 0.190400 ms)

========================================================================
Received Import Request.
  path: Assets/UI/AlpacaStudio_Menu_Template/Prefabs/Menu_Canvas_Mobile.prefab
  artifactKey: Guid(aa65e58460411d748b2872e49f49fca0) Importer(815301076,1909f56bfc062723c751e8b465ee728b)
Start importing Assets/UI/AlpacaStudio_Menu_Template/Prefabs/Menu_Canvas_Mobile.prefab using Guid(aa65e58460411d748b2872e49f49fca0) Importer(815301076,1909f56bfc062723c751e8b465ee728b)  -> (artifact id: '9ebe599b7bf169cd95053401794b731b') in 0.228923 seconds
  Import took 0.233077 seconds .

========================================================================
Received Import Request.
  Time since last request: 0.000286 seconds.
  path: Assets/UI/AlpacaStudio_Menu_Template/Prefabs/Menu_Canvas_Standalone.prefab
  artifactKey: Guid(8f4461d0e693b1347ad7f49902143528) Importer(815301076,1909f56bfc062723c751e8b465ee728b)
Start importing Assets/UI/AlpacaStudio_Menu_Template/Prefabs/Menu_Canvas_Standalone.prefab using Guid(8f4461d0e693b1347ad7f49902143528) Importer(815301076,1909f56bfc062723c751e8b465ee728b)  -> (artifact id: '6309ad71e5a724471abb55a37ce01d4e') in 0.016037 seconds
  Import took 0.020123 seconds .

========================================================================
Received Import Request.
  Time since last request: 0.000232 seconds.
  path: Assets/UI/AlpacaStudio_Menu_Template/Prefabs/_MusicPlayer.prefab
  artifactKey: Guid(6ec64b4c4066fda49891d51887ba93b3) Importer(815301076,1909f56bfc062723c751e8b465ee728b)
Start importing Assets/UI/AlpacaStudio_Menu_Template/Prefabs/_MusicPlayer.prefab using Guid(6ec64b4c4066fda49891d51887ba93b3) Importer(815301076,1909f56bfc062723c751e8b465ee728b)  -> (artifact id: '070dae7aba99975b58d1116dce00e8da') in 0.010657 seconds
  Import took 0.014743 seconds .

========================================================================
Received Import Request.
  Time since last request: 23.771036 seconds.
  path: Assets/UI/UIGamePlay.prefab
  artifactKey: Guid(aa83be2b7a7a38040acf14a23dabfe21) Importer(815301076,1909f56bfc062723c751e8b465ee728b)
Start importing Assets/UI/UIGamePlay.prefab using Guid(aa83be2b7a7a38040acf14a23dabfe21) Importer(815301076,1909f56bfc062723c751e8b465ee728b)  -> (artifact id: 'ec31a59ff57dd8e4463033bac6001d05') in 0.014500 seconds
  Import took 0.019015 seconds .

========================================================================
Received Import Request.
  Time since last request: 13.706487 seconds.
  path: Assets/UI/UIGamePlay.prefab
  artifactKey: Guid(aa83be2b7a7a38040acf14a23dabfe21) Importer(815301076,1909f56bfc062723c751e8b465ee728b)
Start importing Assets/UI/UIGamePlay.prefab using Guid(aa83be2b7a7a38040acf14a23dabfe21) Importer(815301076,1909f56bfc062723c751e8b465ee728b)  -> (artifact id: '1b563c948996a345c5215291c2425704') in 0.008646 seconds
  Import took 0.012890 seconds .

========================================================================
Received Import Request.
  Time since last request: 7.515627 seconds.
  path: Assets/UI/UIGamePlay.prefab
  artifactKey: Guid(aa83be2b7a7a38040acf14a23dabfe21) Importer(815301076,1909f56bfc062723c751e8b465ee728b)
Start importing Assets/UI/UIGamePlay.prefab using Guid(aa83be2b7a7a38040acf14a23dabfe21) Importer(815301076,1909f56bfc062723c751e8b465ee728b)  -> (artifact id: '6a05cb9664d57d25846ec2a5b039c351') in 0.008017 seconds
  Import took 0.012867 seconds .

========================================================================
Received Import Request.
  Time since last request: 2.776403 seconds.
  path: Assets/UI/UIGamePlay.prefab
  artifactKey: Guid(aa83be2b7a7a38040acf14a23dabfe21) Importer(815301076,1909f56bfc062723c751e8b465ee728b)
Start importing Assets/UI/UIGamePlay.prefab using Guid(aa83be2b7a7a38040acf14a23dabfe21) Importer(815301076,1909f56bfc062723c751e8b465ee728b)  -> (artifact id: 'cff5699551e7945de9836f2e51f3881f') in 0.008457 seconds
  Import took 0.013225 seconds .

========================================================================
Received Import Request.
  Time since last request: 1.625627 seconds.
  path: Assets/UI/UIGamePlay.prefab
  artifactKey: Guid(aa83be2b7a7a38040acf14a23dabfe21) Importer(815301076,1909f56bfc062723c751e8b465ee728b)
Start importing Assets/UI/UIGamePlay.prefab using Guid(aa83be2b7a7a38040acf14a23dabfe21) Importer(815301076,1909f56bfc062723c751e8b465ee728b)  -> (artifact id: '7a2e1800f83aba7132236c3dbe10b4e0') in 0.008416 seconds
  Import took 0.013633 seconds .

========================================================================
Received Import Request.
  Time since last request: 5.223335 seconds.
  path: Assets/UI/UIGamePlay.prefab
  artifactKey: Guid(aa83be2b7a7a38040acf14a23dabfe21) Importer(815301076,1909f56bfc062723c751e8b465ee728b)
Start importing Assets/UI/UIGamePlay.prefab using Guid(aa83be2b7a7a38040acf14a23dabfe21) Importer(815301076,1909f56bfc062723c751e8b465ee728b)  -> (artifact id: '61297d0d16fdc40f506b77fdaf1f1414') in 0.008081 seconds
  Import took 0.012420 seconds .

========================================================================
Received Import Request.
  Time since last request: 34.727024 seconds.
  path: Assets/UI/UIGamePlay.prefab
  artifactKey: Guid(aa83be2b7a7a38040acf14a23dabfe21) Importer(815301076,1909f56bfc062723c751e8b465ee728b)
Start importing Assets/UI/UIGamePlay.prefab using Guid(aa83be2b7a7a38040acf14a23dabfe21) Importer(815301076,1909f56bfc062723c751e8b465ee728b)  -> (artifact id: '6490755cecf24e6a7709dbf0bb0c1eac') in 0.009202 seconds
  Import took 0.013761 seconds .

========================================================================
Received Import Request.
  Time since last request: 0.579767 seconds.
  path: Assets/UI/UIGamePlay.prefab
  artifactKey: Guid(aa83be2b7a7a38040acf14a23dabfe21) Importer(815301076,1909f56bfc062723c751e8b465ee728b)
Start importing Assets/UI/UIGamePlay.prefab using Guid(aa83be2b7a7a38040acf14a23dabfe21) Importer(815301076,1909f56bfc062723c751e8b465ee728b)  -> (artifact id: '94627357e1de06293e0638b8378a9445') in 0.008027 seconds
  Import took 0.012697 seconds .

========================================================================
Received Import Request.
  Time since last request: 1.810482 seconds.
  path: Assets/UI/UIGamePlay.prefab
  artifactKey: Guid(aa83be2b7a7a38040acf14a23dabfe21) Importer(815301076,1909f56bfc062723c751e8b465ee728b)
Start importing Assets/UI/UIGamePlay.prefab using Guid(aa83be2b7a7a38040acf14a23dabfe21) Importer(815301076,1909f56bfc062723c751e8b465ee728b)  -> (artifact id: '760bf41f7cfcae88ceb798aef191b966') in 0.008651 seconds
  Import took 0.012953 seconds .

========================================================================
Received Import Request.
  Time since last request: 3.426786 seconds.
  path: Assets/UI/UIGamePlay.prefab
  artifactKey: Guid(aa83be2b7a7a38040acf14a23dabfe21) Importer(815301076,1909f56bfc062723c751e8b465ee728b)
Start importing Assets/UI/UIGamePlay.prefab using Guid(aa83be2b7a7a38040acf14a23dabfe21) Importer(815301076,1909f56bfc062723c751e8b465ee728b)  -> (artifact id: '15af0cd696197560ec042b738b4e4117') in 0.008529 seconds
  Import took 0.013191 seconds .

========================================================================
Received Import Request.
  Time since last request: 5.836988 seconds.
  path: Assets/UI/UIGamePlay.prefab
  artifactKey: Guid(aa83be2b7a7a38040acf14a23dabfe21) Importer(815301076,1909f56bfc062723c751e8b465ee728b)
Start importing Assets/UI/UIGamePlay.prefab using Guid(aa83be2b7a7a38040acf14a23dabfe21) Importer(815301076,1909f56bfc062723c751e8b465ee728b)  -> (artifact id: 'ec08e3fd0d25de2e23c27dec66e5ab86') in 0.008066 seconds
  Import took 0.012628 seconds .

========================================================================
Received Import Request.
  Time since last request: 4.423213 seconds.
  path: Assets/UI/UIGamePlay.prefab
  artifactKey: Guid(aa83be2b7a7a38040acf14a23dabfe21) Importer(815301076,1909f56bfc062723c751e8b465ee728b)
Start importing Assets/UI/UIGamePlay.prefab using Guid(aa83be2b7a7a38040acf14a23dabfe21) Importer(815301076,1909f56bfc062723c751e8b465ee728b)  -> (artifact id: '3726b15d3a7dc4f91997384af6412724') in 0.008165 seconds
  Import took 0.012522 seconds .

========================================================================
Received Import Request.
  Time since last request: 2.000722 seconds.
  path: Assets/UI/UIGamePlay.prefab
  artifactKey: Guid(aa83be2b7a7a38040acf14a23dabfe21) Importer(815301076,1909f56bfc062723c751e8b465ee728b)
Start importing Assets/UI/UIGamePlay.prefab using Guid(aa83be2b7a7a38040acf14a23dabfe21) Importer(815301076,1909f56bfc062723c751e8b465ee728b)  -> (artifact id: '58d9071a489f55b200fde2d08f1f8596') in 0.008282 seconds
  Import took 0.012952 seconds .

========================================================================
Received Import Request.
  Time since last request: 69.027080 seconds.
  path: Assets/UI/UIGamePlay.prefab
  artifactKey: Guid(aa83be2b7a7a38040acf14a23dabfe21) Importer(815301076,1909f56bfc062723c751e8b465ee728b)
Start importing Assets/UI/UIGamePlay.prefab using Guid(aa83be2b7a7a38040acf14a23dabfe21) Importer(815301076,1909f56bfc062723c751e8b465ee728b)  -> (artifact id: 'f384b56630f4fc830b824b047c7139fc') in 0.009358 seconds
  Import took 0.014468 seconds .

========================================================================
Received Import Request.
  Time since last request: 6.629350 seconds.
  path: Assets/UI
  artifactKey: Guid(b5f9465a9fdf14d428df387ee910e225) Importer(815301076,1909f56bfc062723c751e8b465ee728b)
Start importing Assets/UI using Guid(b5f9465a9fdf14d428df387ee910e225) Importer(815301076,1909f56bfc062723c751e8b465ee728b)  -> (artifact id: 'dab9d3a11b77469e25170e5f7d291045') in 0.010097 seconds
  Import took 0.013967 seconds .

========================================================================
Received Import Request.
  Time since last request: 4.161736 seconds.
  path: Assets/UI/AlpacaStudio_Menu_Template/Buttons
  artifactKey: Guid(de9d0843a8dc6a74499b0b1e40c5c13b) Importer(815301076,1909f56bfc062723c751e8b465ee728b)
Start importing Assets/UI/AlpacaStudio_Menu_Template/Buttons using Guid(de9d0843a8dc6a74499b0b1e40c5c13b) Importer(815301076,1909f56bfc062723c751e8b465ee728b)  -> (artifact id: 'c7b04450846e13586982fbc7a6551384') in 0.010111 seconds
  Import took 0.014434 seconds .

========================================================================
Received Import Request.
  Time since last request: 1.279313 seconds.
  path: Assets/UI/AlpacaStudio_Menu_Template/Buttons/Colored Square Buttons
  artifactKey: Guid(6a873d7e4c2e5b74593d02584b19b0a1) Importer(815301076,1909f56bfc062723c751e8b465ee728b)
Start importing Assets/UI/AlpacaStudio_Menu_Template/Buttons/Colored Square Buttons using Guid(6a873d7e4c2e5b74593d02584b19b0a1) Importer(815301076,1909f56bfc062723c751e8b465ee728b)  -> (artifact id: '9c9d952a9a133b895362c89e29571e27') in 0.002962 seconds
  Import took 0.007143 seconds .

========================================================================
Received Import Request.
  Time since last request: 0.071203 seconds.
  path: Assets/UI/AlpacaStudio_Menu_Template/Buttons/Colored Square Buttons/Audio col_Square Button.png
  artifactKey: Guid(77e784fb43271a642b7b68bc70ccaf7c) Importer(815301076,1909f56bfc062723c751e8b465ee728b)
Start importing Assets/UI/AlpacaStudio_Menu_Template/Buttons/Colored Square Buttons/Audio col_Square Button.png using Guid(77e784fb43271a642b7b68bc70ccaf7c) Importer(815301076,1909f56bfc062723c751e8b465ee728b)  -> (artifact id: '7e0a4add5318d300e64fca5976b129d0') in 0.281448 seconds
  Import took 0.285614 seconds .

========================================================================
Received Import Request.
  Time since last request: 0.000302 seconds.
  path: Assets/UI/AlpacaStudio_Menu_Template/Buttons/Colored Square Buttons/Settings col_Square Button.png
  artifactKey: Guid(d9aba49335b160747b79c06370205ce2) Importer(815301076,1909f56bfc062723c751e8b465ee728b)
Start importing Assets/UI/AlpacaStudio_Menu_Template/Buttons/Colored Square Buttons/Settings col_Square Button.png using Guid(d9aba49335b160747b79c06370205ce2) Importer(815301076,1909f56bfc062723c751e8b465ee728b)  -> (artifact id: '99af80888ab9a3bfcabca0311b951cb9') in 0.019522 seconds
  Import took 0.023559 seconds .

========================================================================
Received Import Request.
  Time since last request: 0.000237 seconds.
  path: Assets/UI/AlpacaStudio_Menu_Template/Buttons/Colored Square Buttons/Home col_Square Button.png
  artifactKey: Guid(7fae47a37bdd9c0499444e73f768867f) Importer(815301076,1909f56bfc062723c751e8b465ee728b)
Start importing Assets/UI/AlpacaStudio_Menu_Template/Buttons/Colored Square Buttons/Home col_Square Button.png using Guid(7fae47a37bdd9c0499444e73f768867f) Importer(815301076,1909f56bfc062723c751e8b465ee728b)  -> (artifact id: '559dc46037cc602912af27912935eebd') in 0.019451 seconds
  Import took 0.024149 seconds .

========================================================================
Received Import Request.
  Time since last request: 0.000294 seconds.
  path: Assets/UI/AlpacaStudio_Menu_Template/Buttons/Colored Square Buttons/Pause col_Square Button.png
  artifactKey: Guid(be1ec4acfc0b4974c858def476223d28) Importer(815301076,1909f56bfc062723c751e8b465ee728b)
Start importing Assets/UI/AlpacaStudio_Menu_Template/Buttons/Colored Square Buttons/Pause col_Square Button.png using Guid(be1ec4acfc0b4974c858def476223d28) Importer(815301076,1909f56bfc062723c751e8b465ee728b)  -> (artifact id: 'cc0d1db1ddd365cb9187130793e36e7d') in 0.016247 seconds
  Import took 0.020787 seconds .

========================================================================
Received Import Request.
  Time since last request: 0.000211 seconds.
  path: Assets/UI/AlpacaStudio_Menu_Template/Buttons/Colored Square Buttons/Back col_Square Button.png
  artifactKey: Guid(8c018ad76ca3bb24cbe894a9412f2ae4) Importer(815301076,1909f56bfc062723c751e8b465ee728b)
Start importing Assets/UI/AlpacaStudio_Menu_Template/Buttons/Colored Square Buttons/Back col_Square Button.png using Guid(8c018ad76ca3bb24cbe894a9412f2ae4) Importer(815301076,1909f56bfc062723c751e8b465ee728b)  -> (artifact id: '211d19c58829a5c971b3fd9c01d1abc8') in 0.018002 seconds
  Import took 0.022788 seconds .

========================================================================
Received Import Request.
  Time since last request: 0.000211 seconds.
  path: Assets/UI/AlpacaStudio_Menu_Template/Buttons/Colored Square Buttons/X col_Square Button.png
  artifactKey: Guid(0dc615c04ba57924680e2e5fe6a67e2b) Importer(815301076,1909f56bfc062723c751e8b465ee728b)
Start importing Assets/UI/AlpacaStudio_Menu_Template/Buttons/Colored Square Buttons/X col_Square Button.png using Guid(0dc615c04ba57924680e2e5fe6a67e2b) Importer(815301076,1909f56bfc062723c751e8b465ee728b)  -> (artifact id: '39f75bd5633a8b5527711a848ecf5e06') in 0.015516 seconds
  Import took 0.019308 seconds .

========================================================================
Received Import Request.
  Time since last request: 0.000248 seconds.
  path: Assets/UI/AlpacaStudio_Menu_Template/Buttons/Colored Square Buttons/Info col_Square Button.png
  artifactKey: Guid(9be1a577863cead458720e64004b4e16) Importer(815301076,1909f56bfc062723c751e8b465ee728b)
Start importing Assets/UI/AlpacaStudio_Menu_Template/Buttons/Colored Square Buttons/Info col_Square Button.png using Guid(9be1a577863cead458720e64004b4e16) Importer(815301076,1909f56bfc062723c751e8b465ee728b)  -> (artifact id: '8eae3b73fee5efa528e183b259161360') in 0.020018 seconds
  Import took 0.024593 seconds .

========================================================================
Received Import Request.
  Time since last request: 0.000233 seconds.
  path: Assets/UI/AlpacaStudio_Menu_Template/Buttons/Colored Square Buttons/Play col_Square Button.png
  artifactKey: Guid(0d2aacb1b66731b46ad24473ad3b0477) Importer(815301076,1909f56bfc062723c751e8b465ee728b)
Start importing Assets/UI/AlpacaStudio_Menu_Template/Buttons/Colored Square Buttons/Play col_Square Button.png using Guid(0d2aacb1b66731b46ad24473ad3b0477) Importer(815301076,1909f56bfc062723c751e8b465ee728b)  -> (artifact id: '50becbad7bbc25449ae7ac0f403dfdc4') in 0.017519 seconds
  Import took 0.022505 seconds .

========================================================================
Received Import Request.
  Time since last request: 0.000335 seconds.
  path: Assets/UI/AlpacaStudio_Menu_Template/Buttons/Colored Square Buttons/On Off col_Square Button.png
  artifactKey: Guid(6062f12fb85b15a44b2575e4ed3f6ae9) Importer(815301076,1909f56bfc062723c751e8b465ee728b)
Start importing Assets/UI/AlpacaStudio_Menu_Template/Buttons/Colored Square Buttons/On Off col_Square Button.png using Guid(6062f12fb85b15a44b2575e4ed3f6ae9) Importer(815301076,1909f56bfc062723c751e8b465ee728b)  -> (artifact id: 'b661555432beaae19c5474197e3a8ccb') in 0.027772 seconds
  Import took 0.032323 seconds .

========================================================================
Received Import Request.
  Time since last request: 0.000214 seconds.
  path: Assets/UI/AlpacaStudio_Menu_Template/Buttons/Colored Square Buttons/Up col_Square Button.png
  artifactKey: Guid(c238a550ec236434bbe30ec5c1431164) Importer(815301076,1909f56bfc062723c751e8b465ee728b)
Start importing Assets/UI/AlpacaStudio_Menu_Template/Buttons/Colored Square Buttons/Up col_Square Button.png using Guid(c238a550ec236434bbe30ec5c1431164) Importer(815301076,1909f56bfc062723c751e8b465ee728b)  -> (artifact id: '4c548c53233a851f446459f27d6662ae') in 0.017237 seconds
  Import took 0.021356 seconds .

========================================================================
Received Import Request.
  Time since last request: 0.000205 seconds.
  path: Assets/UI/AlpacaStudio_Menu_Template/Buttons/Colored Square Buttons/Music col_Square Button.png
  artifactKey: Guid(0336c93af8dd4344c89f972efe820378) Importer(815301076,1909f56bfc062723c751e8b465ee728b)
Start importing Assets/UI/AlpacaStudio_Menu_Template/Buttons/Colored Square Buttons/Music col_Square Button.png using Guid(0336c93af8dd4344c89f972efe820378) Importer(815301076,1909f56bfc062723c751e8b465ee728b)  -> (artifact id: '06e978d30008d3f24e741d94ecbb7aee') in 0.023842 seconds
  Import took 0.029873 seconds .

========================================================================
Received Import Request.
  Time since last request: 0.000301 seconds.
  path: Assets/UI/AlpacaStudio_Menu_Template/Buttons/Colored Square Buttons/Down col_Square Button.png
  artifactKey: Guid(ffd4933228c3d3b42bb8f73631b28a7c) Importer(815301076,1909f56bfc062723c751e8b465ee728b)
Start importing Assets/UI/AlpacaStudio_Menu_Template/Buttons/Colored Square Buttons/Down col_Square Button.png using Guid(ffd4933228c3d3b42bb8f73631b28a7c) Importer(815301076,1909f56bfc062723c751e8b465ee728b)  -> (artifact id: '5bf192610326e72b67d5d6978b645657') in 0.016538 seconds
  Import took 0.021582 seconds .

========================================================================
Received Import Request.
  Time since last request: 0.000477 seconds.
  path: Assets/UI/AlpacaStudio_Menu_Template/Buttons/Colored Square Buttons/Return col_Square Button.png
  artifactKey: Guid(5cd70e29c2a26ef489709c05a9a41e64) Importer(815301076,1909f56bfc062723c751e8b465ee728b)
Start importing Assets/UI/AlpacaStudio_Menu_Template/Buttons/Colored Square Buttons/Return col_Square Button.png using Guid(5cd70e29c2a26ef489709c05a9a41e64) Importer(815301076,1909f56bfc062723c751e8b465ee728b)  -> (artifact id: 'b8b543272162ece62278ed850b322c13') in 0.022635 seconds
  Import took 0.027566 seconds .

========================================================================
Received Import Request.
  Time since last request: 0.000278 seconds.
  path: Assets/UI/AlpacaStudio_Menu_Template/Buttons/Colored Square Buttons/V col_Square Button.png
  artifactKey: Guid(aa7c950da8a271a4b8433bdaa9c5842f) Importer(815301076,1909f56bfc062723c751e8b465ee728b)
Start importing Assets/UI/AlpacaStudio_Menu_Template/Buttons/Colored Square Buttons/V col_Square Button.png using Guid(aa7c950da8a271a4b8433bdaa9c5842f) Importer(815301076,1909f56bfc062723c751e8b465ee728b)  -> (artifact id: '6e7e6461bf99adc013cd9ddd13a301de') in 0.023589 seconds
  Import took 0.028860 seconds .

========================================================================
Received Import Request.
  Time since last request: 0.000259 seconds.
  path: Assets/UI/AlpacaStudio_Menu_Template/Buttons/Colored Square Buttons/Questionmark col_Square Button.png
  artifactKey: Guid(d6a569bf82e90644ba518dd76e87895d) Importer(815301076,1909f56bfc062723c751e8b465ee728b)
Start importing Assets/UI/AlpacaStudio_Menu_Template/Buttons/Colored Square Buttons/Questionmark col_Square Button.png using Guid(d6a569bf82e90644ba518dd76e87895d) Importer(815301076,1909f56bfc062723c751e8b465ee728b)  -> (artifact id: 'd888cd00ec80f839625715062dbe9f65') in 0.018294 seconds
  Import took 0.023230 seconds .

========================================================================
Received Import Request.
  Time since last request: 0.000276 seconds.
  path: Assets/UI/AlpacaStudio_Menu_Template/Buttons/Colored Square Buttons/Next col_Square Button.png
  artifactKey: Guid(867508f18e958b744b98cf26a6aeb0e7) Importer(815301076,1909f56bfc062723c751e8b465ee728b)
Start importing Assets/UI/AlpacaStudio_Menu_Template/Buttons/Colored Square Buttons/Next col_Square Button.png using Guid(867508f18e958b744b98cf26a6aeb0e7) Importer(815301076,1909f56bfc062723c751e8b465ee728b)  -> (artifact id: 'f55f2e95bc812d07fda82709081ce596') in 0.021188 seconds
  Import took 0.025680 seconds .

========================================================================
Received Import Request.
  Time since last request: 144.381216 seconds.
  path: Assets/UI/AlpacaStudio_Menu_Template/Prefabs/Menu_Canvas_Standalone.prefab
  artifactKey: Guid(8f4461d0e693b1347ad7f49902143528) Importer(815301076,1909f56bfc062723c751e8b465ee728b)
Start importing Assets/UI/AlpacaStudio_Menu_Template/Prefabs/Menu_Canvas_Standalone.prefab using Guid(8f4461d0e693b1347ad7f49902143528) Importer(815301076,1909f56bfc062723c751e8b465ee728b)  -> (artifact id: '1258140aa6d6c54f9e2e15efdcbff759') in 0.008786 seconds
  Import took 0.013225 seconds .

========================================================================
Received Import Request.
  Time since last request: 2.249391 seconds.
  path: Assets/UI/AlpacaStudio_Menu_Template/Scripts
  artifactKey: Guid(81d38901187b91048914665ddbf7d3f1) Importer(815301076,1909f56bfc062723c751e8b465ee728b)
Start importing Assets/UI/AlpacaStudio_Menu_Template/Scripts using Guid(81d38901187b91048914665ddbf7d3f1) Importer(815301076,1909f56bfc062723c751e8b465ee728b)  -> (artifact id: 'aac3f721b245dccbccdc7830a4eaac99') in 0.008561 seconds
  Import took 0.012664 seconds .

========================================================================
Received Import Request.
  Time since last request: 1.813648 seconds.
  path: Assets/UI/AlpacaStudio_Menu_Template/Scripts/Menu_Controller.cs
  artifactKey: Guid(c8743df17e8a2d44cbcf9d605deee399) Importer(815301076,1909f56bfc062723c751e8b465ee728b)
Start importing Assets/UI/AlpacaStudio_Menu_Template/Scripts/Menu_Controller.cs using Guid(c8743df17e8a2d44cbcf9d605deee399) Importer(815301076,1909f56bfc062723c751e8b465ee728b)  -> (artifact id: '305fb267505974224a7ce16381adcb7e') in 0.029836 seconds
  Import took 0.033679 seconds .

========================================================================
Received Import Request.
  Time since last request: 0.016970 seconds.
  path: Assets/UI/AlpacaStudio_Menu_Template/Scripts/Menu_Controller.cs
  artifactKey: Guid(c8743df17e8a2d44cbcf9d605deee399) Importer(815301076,1909f56bfc062723c751e8b465ee728b)
Start importing Assets/UI/AlpacaStudio_Menu_Template/Scripts/Menu_Controller.cs using Guid(c8743df17e8a2d44cbcf9d605deee399) Importer(815301076,1909f56bfc062723c751e8b465ee728b)  -> (artifact id: '305fb267505974224a7ce16381adcb7e') in 0.003059 seconds
  Import took 0.006931 seconds .

========================================================================
Received Import Request.
  Time since last request: 156.323204 seconds.
  path: Assets/UI/AlpacaStudio_Menu_Template/Scripts/Sound_Controller.cs
  artifactKey: Guid(2b90e00cf84fc3b45a4fe76e3e2f5586) Importer(815301076,1909f56bfc062723c751e8b465ee728b)
Start importing Assets/UI/AlpacaStudio_Menu_Template/Scripts/Sound_Controller.cs using Guid(2b90e00cf84fc3b45a4fe76e3e2f5586) Importer(815301076,1909f56bfc062723c751e8b465ee728b)  -> (artifact id: '021781c1ab61fceb37133eed5dc77e35') in 0.011093 seconds
  Import took 0.016007 seconds .

========================================================================
Received Import Request.
  Time since last request: 20.732326 seconds.
  path: Assets/UI/AlpacaStudio_Menu_Template/Examples
  artifactKey: Guid(9ef6014efb56f604e9441e6ecce9243c) Importer(815301076,1909f56bfc062723c751e8b465ee728b)
Start importing Assets/UI/AlpacaStudio_Menu_Template/Examples using Guid(9ef6014efb56f604e9441e6ecce9243c) Importer(815301076,1909f56bfc062723c751e8b465ee728b)  -> (artifact id: '8894a87ce887dced2de94b3386fcd2fb') in 0.009791 seconds
  Import took 0.013923 seconds .

========================================================================
Received Import Request.
  Time since last request: 3.586568 seconds.
  path: Assets/UI/UIGamePlay.prefab
  artifactKey: Guid(aa83be2b7a7a38040acf14a23dabfe21) Importer(815301076,1909f56bfc062723c751e8b465ee728b)
Start importing Assets/UI/UIGamePlay.prefab using Guid(aa83be2b7a7a38040acf14a23dabfe21) Importer(815301076,1909f56bfc062723c751e8b465ee728b)  -> (artifact id: '75e51809e653bd95fcd146860a86465b') in 0.007406 seconds
  Import took 0.011630 seconds .

========================================================================
Received Import Request.
  Time since last request: 1.607225 seconds.
  path: Assets/UI/MainMenuUI.unity
  artifactKey: Guid(e2ec185d93a15ef40b3c6bb02346f855) Importer(815301076,1909f56bfc062723c751e8b465ee728b)
Start importing Assets/UI/MainMenuUI.unity using Guid(e2ec185d93a15ef40b3c6bb02346f855) Importer(815301076,1909f56bfc062723c751e8b465ee728b)  -> (artifact id: '08f44aef879aacc9723697f33af3f847') in 0.009158 seconds
  Import took 0.013241 seconds .

========================================================================
Received Import Request.
  Time since last request: 37.762314 seconds.
  path: Assets/UI/UIGamePlay.prefab
  artifactKey: Guid(aa83be2b7a7a38040acf14a23dabfe21) Importer(815301076,1909f56bfc062723c751e8b465ee728b)
Start importing Assets/UI/UIGamePlay.prefab using Guid(aa83be2b7a7a38040acf14a23dabfe21) Importer(815301076,1909f56bfc062723c751e8b465ee728b)  -> (artifact id: '2186229bcf2c0724793f8369027c71c4') in 0.007975 seconds
  Import took 0.012743 seconds .

========================================================================
Received Prepare
Registering precompiled user dll's ...
Registered in 0.003873 seconds.
Begin MonoManager ReloadAssembly
Native extension for WindowsStandalone target not found
Refreshing native plugins compatible for Editor in 0.68 ms, found 3 plugins.
Preloading 0 native plugins for Editor in 0.00 ms.
Mono: successfully reloaded assembly
- Completed reload, in  1.227 seconds
Platform modules already initialized, skipping
Refreshing native plugins compatible for Editor in 0.63 ms, found 3 plugins.
Preloading 0 native plugins for Editor in 0.00 ms.
Unloading 2093 Unused Serialized files (Serialized files now loaded: 0)
System memory in use before: 96.4 MB.
System memory in use after: 96.4 MB.

Unloading 21 unused Assets to reduce memory usage. Loaded Objects now: 2544.
Total: 2.792000 ms (FindLiveObjects: 0.363300 ms CreateObjectMapping: 0.059400 ms MarkObjects: 2.237900 ms  DeleteObjects: 0.129100 ms)

========================================================================
Received Import Request.
  Time since last request: 53.225276 seconds.
  path: Assets/UI/PlayUI.cs
  artifactKey: Guid(9fe2eb9d8fca5b940a7334fe16102c46) Importer(815301076,1909f56bfc062723c751e8b465ee728b)
Start importing Assets/UI/PlayUI.cs using Guid(9fe2eb9d8fca5b940a7334fe16102c46) Importer(815301076,1909f56bfc062723c751e8b465ee728b)  -> (artifact id: 'e79bc3d4a790c017e100d0bd38c15e15') in 0.013762 seconds
  Import took 0.017900 seconds .

========================================================================
Received Import Request.
  Time since last request: 71.978436 seconds.
  path: Assets/UI/PlayUI.cs
  artifactKey: Guid(9fe2eb9d8fca5b940a7334fe16102c46) Importer(815301076,1909f56bfc062723c751e8b465ee728b)
Start importing Assets/UI/PlayUI.cs using Guid(9fe2eb9d8fca5b940a7334fe16102c46) Importer(815301076,1909f56bfc062723c751e8b465ee728b)  -> (artifact id: '1cf01925b9f28058ccc15b8c8328864e') in 0.003290 seconds
  Import took 0.007342 seconds .

========================================================================
Received Import Request.
  Time since last request: 302.678719 seconds.
  path: Assets/UI/UIGamePlay.prefab
  artifactKey: Guid(aa83be2b7a7a38040acf14a23dabfe21) Importer(815301076,1909f56bfc062723c751e8b465ee728b)
Start importing Assets/UI/UIGamePlay.prefab using Guid(aa83be2b7a7a38040acf14a23dabfe21) Importer(815301076,1909f56bfc062723c751e8b465ee728b)  -> (artifact id: '5bce9c395047c3a3e61ad109f76b52e7') in 0.054385 seconds
  Import took 0.059765 seconds .

========================================================================
Received Import Request.
  Time since last request: 9.233842 seconds.
  path: Assets/UI/UIGamePlay.prefab
  artifactKey: Guid(aa83be2b7a7a38040acf14a23dabfe21) Importer(815301076,1909f56bfc062723c751e8b465ee728b)
Start importing Assets/UI/UIGamePlay.prefab using Guid(aa83be2b7a7a38040acf14a23dabfe21) Importer(815301076,1909f56bfc062723c751e8b465ee728b)  -> (artifact id: '814d2bad6509ac22b5866d4c8b680c6e') in 0.008414 seconds
  Import took 0.013652 seconds .

========================================================================
Received Import Request.
  Time since last request: 0.594658 seconds.
  path: Assets/UI/UIGamePlay.prefab
  artifactKey: Guid(aa83be2b7a7a38040acf14a23dabfe21) Importer(815301076,1909f56bfc062723c751e8b465ee728b)
Start importing Assets/UI/UIGamePlay.prefab using Guid(aa83be2b7a7a38040acf14a23dabfe21) Importer(815301076,1909f56bfc062723c751e8b465ee728b)  -> (artifact id: '350f7b67b614de31914c341289847d65') in 0.007281 seconds
  Import took 0.011438 seconds .

========================================================================
Received Import Request.
  Time since last request: 14.138467 seconds.
  path: Assets/UI/UIGamePlay.prefab
  artifactKey: Guid(aa83be2b7a7a38040acf14a23dabfe21) Importer(815301076,1909f56bfc062723c751e8b465ee728b)
Start importing Assets/UI/UIGamePlay.prefab using Guid(aa83be2b7a7a38040acf14a23dabfe21) Importer(815301076,1909f56bfc062723c751e8b465ee728b)  -> (artifact id: '8413c47d0aae0339869b887e51d861cc') in 0.007552 seconds
  Import took 0.012264 seconds .

========================================================================
Received Prepare
Registering precompiled user dll's ...
Registered in 0.004001 seconds.
Begin MonoManager ReloadAssembly
Native extension for WindowsStandalone target not found
Refreshing native plugins compatible for Editor in 0.61 ms, found 3 plugins.
Preloading 0 native plugins for Editor in 0.00 ms.
Mono: successfully reloaded assembly
- Completed reload, in  1.250 seconds
Platform modules already initialized, skipping
Refreshing native plugins compatible for Editor in 0.62 ms, found 3 plugins.
Preloading 0 native plugins for Editor in 0.00 ms.
Unloading 2093 Unused Serialized files (Serialized files now loaded: 0)
System memory in use before: 96.4 MB.
System memory in use after: 96.4 MB.

Unloading 21 unused Assets to reduce memory usage. Loaded Objects now: 2548.
Total: 3.223100 ms (FindLiveObjects: 0.250900 ms CreateObjectMapping: 0.094800 ms MarkObjects: 2.732800 ms  DeleteObjects: 0.143000 ms)

========================================================================
Received Import Request.
  Time since last request: 63.031704 seconds.
  path: Assets/UI/UIGamePlay.prefab
  artifactKey: Guid(aa83be2b7a7a38040acf14a23dabfe21) Importer(815301076,1909f56bfc062723c751e8b465ee728b)
Start importing Assets/UI/UIGamePlay.prefab using Guid(aa83be2b7a7a38040acf14a23dabfe21) Importer(815301076,1909f56bfc062723c751e8b465ee728b)  -> (artifact id: '7a3c929c9c91c648ab0ed58c3e1af5db') in 0.052227 seconds
  Import took 0.056265 seconds .

========================================================================
Received Import Request.
  Time since last request: 11.309111 seconds.
  path: Assets/UI/UIGamePlay.prefab
  artifactKey: Guid(aa83be2b7a7a38040acf14a23dabfe21) Importer(815301076,1909f56bfc062723c751e8b465ee728b)
Start importing Assets/UI/UIGamePlay.prefab using Guid(aa83be2b7a7a38040acf14a23dabfe21) Importer(815301076,1909f56bfc062723c751e8b465ee728b)  -> (artifact id: 'a7364b1ab8605b8ba0ed2526f43be9ac') in 0.007925 seconds
  Import took 0.012261 seconds .

========================================================================
Received Import Request.
  Time since last request: 43.891885 seconds.
  path: Assets/CalculateResult.cs
  artifactKey: Guid(bc195a714bb70c74285160aa14db3e9b) Importer(815301076,1909f56bfc062723c751e8b465ee728b)
Start importing Assets/CalculateResult.cs using Guid(bc195a714bb70c74285160aa14db3e9b) Importer(815301076,1909f56bfc062723c751e8b465ee728b)  -> (artifact id: '14ca72f066392a335050e414ad7ea219') in 0.009846 seconds
  Import took 0.014538 seconds .

========================================================================
Received Import Request.
  Time since last request: 0.001298 seconds.
  path: Assets/CalculateResult.cs
  artifactKey: Guid(bc195a714bb70c74285160aa14db3e9b) Importer(815301076,1909f56bfc062723c751e8b465ee728b)
Start importing Assets/CalculateResult.cs using Guid(bc195a714bb70c74285160aa14db3e9b) Importer(815301076,1909f56bfc062723c751e8b465ee728b)  -> (artifact id: '14ca72f066392a335050e414ad7ea219') in 0.003642 seconds
  Import took 0.008160 seconds .

========================================================================
Received Import Request.
  Time since last request: 47.226397 seconds.
  path: Assets/UI/UIGamePlay.prefab
  artifactKey: Guid(aa83be2b7a7a38040acf14a23dabfe21) Importer(815301076,1909f56bfc062723c751e8b465ee728b)
Start importing Assets/UI/UIGamePlay.prefab using Guid(aa83be2b7a7a38040acf14a23dabfe21) Importer(815301076,1909f56bfc062723c751e8b465ee728b)  -> (artifact id: 'dcf31689eeb3fd1218a70e2c7dd4d311') in 0.008550 seconds
  Import took 0.013069 seconds .

========================================================================
Received Import Request.
  Time since last request: 6.301050 seconds.
  path: Assets/UI/UIGamePlay.prefab
  artifactKey: Guid(aa83be2b7a7a38040acf14a23dabfe21) Importer(815301076,1909f56bfc062723c751e8b465ee728b)
Start importing Assets/UI/UIGamePlay.prefab using Guid(aa83be2b7a7a38040acf14a23dabfe21) Importer(815301076,1909f56bfc062723c751e8b465ee728b)  -> (artifact id: '3cabc26fd5e28e0d095fe245f4f4984c') in 0.007242 seconds
  Import took 0.011658 seconds .

========================================================================
Received Import Request.
  Time since last request: 11.130764 seconds.
  path: Assets/UI/UIGamePlay.prefab
  artifactKey: Guid(aa83be2b7a7a38040acf14a23dabfe21) Importer(815301076,1909f56bfc062723c751e8b465ee728b)
Start importing Assets/UI/UIGamePlay.prefab using Guid(aa83be2b7a7a38040acf14a23dabfe21) Importer(815301076,1909f56bfc062723c751e8b465ee728b)  -> (artifact id: 'c523a59ed43d687d43ba44048d97dad0') in 0.007778 seconds
  Import took 0.011997 seconds .

========================================================================
Received Import Request.
  Time since last request: 8.912167 seconds.
  path: Assets/UI/UIGamePlay.prefab
  artifactKey: Guid(aa83be2b7a7a38040acf14a23dabfe21) Importer(815301076,1909f56bfc062723c751e8b465ee728b)
Start importing Assets/UI/UIGamePlay.prefab using Guid(aa83be2b7a7a38040acf14a23dabfe21) Importer(815301076,1909f56bfc062723c751e8b465ee728b)  -> (artifact id: '9dc5639847e5185aabecaeeee92cd8a2') in 0.007467 seconds
  Import took 0.012062 seconds .

========================================================================
Received Import Request.
  Time since last request: 41.694022 seconds.
  path: Assets/UI/UIGamePlay.prefab
  artifactKey: Guid(aa83be2b7a7a38040acf14a23dabfe21) Importer(815301076,1909f56bfc062723c751e8b465ee728b)
Start importing Assets/UI/UIGamePlay.prefab using Guid(aa83be2b7a7a38040acf14a23dabfe21) Importer(815301076,1909f56bfc062723c751e8b465ee728b)  -> (artifact id: '763780437992451e8191996d5c4426f0') in 0.007881 seconds
  Import took 0.012231 seconds .

========================================================================
Received Import Request.
  Time since last request: 54.052806 seconds.
  path: Assets/Scenes
  artifactKey: Guid(ad750fa3104fd314995f073f1220c56c) Importer(815301076,1909f56bfc062723c751e8b465ee728b)
Start importing Assets/Scenes using Guid(ad750fa3104fd314995f073f1220c56c) Importer(815301076,1909f56bfc062723c751e8b465ee728b)  -> (artifact id: '6b79bd05593411119349d2b264688fff') in 0.008994 seconds
  Import took 0.013156 seconds .

========================================================================
Received Import Request.
  Time since last request: 0.886310 seconds.
  path: Assets/Scenes/Level1.unity
  artifactKey: Guid(8748f3995517ba64ab57c1f1f394b20d) Importer(815301076,1909f56bfc062723c751e8b465ee728b)
Start importing Assets/Scenes/Level1.unity using Guid(8748f3995517ba64ab57c1f1f394b20d) Importer(815301076,1909f56bfc062723c751e8b465ee728b)  -> (artifact id: '7245645cf026215eb91f42c421e4cbe8') in 0.008785 seconds
  Import took 0.012719 seconds .

========================================================================
Received Import Request.
  Time since last request: 33.715167 seconds.
  path: Assets/Prefabs
  artifactKey: Guid(303259208197caa4880192f6bb465714) Importer(815301076,1909f56bfc062723c751e8b465ee728b)
Start importing Assets/Prefabs using Guid(303259208197caa4880192f6bb465714) Importer(815301076,1909f56bfc062723c751e8b465ee728b)  -> (artifact id: '2d032e25aa6f539ffd91278bc3c5a66a') in 0.009459 seconds
  Import took 0.013589 seconds .

========================================================================
Received Import Request.
  Time since last request: 0.043358 seconds.
  path: Assets/Prefabs/Enemy.prefab
  artifactKey: Guid(05ec869a845d5fa42a91b8c142091693) Importer(815301076,1909f56bfc062723c751e8b465ee728b)
Start importing Assets/Prefabs/Enemy.prefab using Guid(05ec869a845d5fa42a91b8c142091693) Importer(815301076,1909f56bfc062723c751e8b465ee728b)  -> (artifact id: '8a8c467e378adfa3f5c25a62ee704416') in 0.173392 seconds
  Import took 0.177455 seconds .

========================================================================
Received Import Request.
  Time since last request: 0.000274 seconds.
  path: Assets/Prefabs/Props Crate Large.prefab
  artifactKey: Guid(923fcd553060ad94b991353c38ace625) Importer(815301076,1909f56bfc062723c751e8b465ee728b)
Start importing Assets/Prefabs/Props Crate Large.prefab using Guid(923fcd553060ad94b991353c38ace625) Importer(815301076,1909f56bfc062723c751e8b465ee728b)  -> (artifact id: '017fabcce81a96387e4166731f87d088') in 0.021956 seconds
  Import took 0.026324 seconds .

========================================================================
Received Import Request.
  Time since last request: 0.000251 seconds.
  path: Assets/Prefabs/IceCharacter.prefab
  artifactKey: Guid(2f8455e72314d06498d7dec4990f9f60) Importer(815301076,1909f56bfc062723c751e8b465ee728b)
Start importing Assets/Prefabs/IceCharacter.prefab using Guid(2f8455e72314d06498d7dec4990f9f60) Importer(815301076,1909f56bfc062723c751e8b465ee728b)  -> (artifact id: '0a53e4d4e5143b9b68d637a2fe84da35') in 0.036377 seconds
  Import took 0.041038 seconds .

========================================================================
Received Import Request.
  Time since last request: 0.000240 seconds.
  path: Assets/Prefabs/Fire.prefab
  artifactKey: Guid(14bc3a641a0a94941ba2c22c9c08372d) Importer(815301076,1909f56bfc062723c751e8b465ee728b)
Start importing Assets/Prefabs/Fire.prefab using Guid(14bc3a641a0a94941ba2c22c9c08372d) Importer(815301076,1909f56bfc062723c751e8b465ee728b)  -> (artifact id: 'bf94341f6ef264b73f15daff86d98f07') in 0.017731 seconds
  Import took 0.022236 seconds .

========================================================================
Received Import Request.
  Time since last request: 0.000477 seconds.
  path: Assets/Prefabs/gold_key.prefab
  artifactKey: Guid(f21aa2589449f704f9bef181a7cc758a) Importer(815301076,1909f56bfc062723c751e8b465ee728b)
Start importing Assets/Prefabs/gold_key.prefab using Guid(f21aa2589449f704f9bef181a7cc758a) Importer(815301076,1909f56bfc062723c751e8b465ee728b)  -> (artifact id: 'a89a5ab0a75f1adee3868e28d7d6a220') in 0.046106 seconds
  Import took 0.051514 seconds .

========================================================================
Received Import Request.
  Time since last request: 0.000250 seconds.
  path: Assets/Prefabs/WaterandIce.prefab
  artifactKey: Guid(387c52f5b9a652344bada74dbccee5c8) Importer(815301076,1909f56bfc062723c751e8b465ee728b)
Start importing Assets/Prefabs/WaterandIce.prefab using Guid(387c52f5b9a652344bada74dbccee5c8) Importer(815301076,1909f56bfc062723c751e8b465ee728b)  -> (artifact id: 'cbee8a91e9c9c0f0e9230c6fbdc697bb') in 0.022059 seconds
  Import took 0.026259 seconds .

========================================================================
Received Import Request.
  Time since last request: 0.000236 seconds.
  path: Assets/Prefabs/HayBale.prefab
  artifactKey: Guid(f7cc88a431d38b445bae4a478a53c17d) Importer(815301076,1909f56bfc062723c751e8b465ee728b)
Start importing Assets/Prefabs/HayBale.prefab using Guid(f7cc88a431d38b445bae4a478a53c17d) Importer(815301076,1909f56bfc062723c751e8b465ee728b)  -> (artifact id: 'cc0e0d53dd83e82f3e0aa6253d7e6849') in 0.028219 seconds
  Import took 0.032879 seconds .

========================================================================
Received Import Request.
  Time since last request: 0.000297 seconds.
  path: Assets/Prefabs/FireCharacter.prefab
  artifactKey: Guid(b997143c79c68e9439420551199272d5) Importer(815301076,1909f56bfc062723c751e8b465ee728b)
Start importing Assets/Prefabs/FireCharacter.prefab using Guid(b997143c79c68e9439420551199272d5) Importer(815301076,1909f56bfc062723c751e8b465ee728b)  -> (artifact id: 'b73e006599e1985b80ea1bc823d918b8') in 0.018831 seconds
  Import took 0.023154 seconds .

========================================================================
Received Prepare
Registering precompiled user dll's ...
Registered in 0.004920 seconds.
Begin MonoManager ReloadAssembly
Native extension for WindowsStandalone target not found
Refreshing native plugins compatible for Editor in 0.81 ms, found 3 plugins.
Preloading 0 native plugins for Editor in 0.00 ms.
Mono: successfully reloaded assembly
- Completed reload, in  1.338 seconds
Platform modules already initialized, skipping
Refreshing native plugins compatible for Editor in 0.65 ms, found 3 plugins.
Preloading 0 native plugins for Editor in 0.00 ms.
Unloading 2093 Unused Serialized files (Serialized files now loaded: 0)
System memory in use before: 96.6 MB.
System memory in use after: 96.5 MB.

Unloading 22 unused Assets to reduce memory usage. Loaded Objects now: 2556.
Total: 3.361700 ms (FindLiveObjects: 0.547200 ms CreateObjectMapping: 0.070900 ms MarkObjects: 2.581200 ms  DeleteObjects: 0.158600 ms)

========================================================================
Received Prepare
Registering precompiled user dll's ...
Registered in 0.003673 seconds.
Begin MonoManager ReloadAssembly
Native extension for WindowsStandalone target not found
Refreshing native plugins compatible for Editor in 0.68 ms, found 3 plugins.
Preloading 0 native plugins for Editor in 0.00 ms.
Mono: successfully reloaded assembly
- Completed reload, in  1.561 seconds
Platform modules already initialized, skipping
Refreshing native plugins compatible for Editor in 0.74 ms, found 3 plugins.
Preloading 0 native plugins for Editor in 0.00 ms.
Unloading 2093 Unused Serialized files (Serialized files now loaded: 0)
System memory in use before: 96.6 MB.
System memory in use after: 96.5 MB.

Unloading 21 unused Assets to reduce memory usage. Loaded Objects now: 2560.
Total: 3.989000 ms (FindLiveObjects: 0.478200 ms CreateObjectMapping: 0.078900 ms MarkObjects: 3.284600 ms  DeleteObjects: 0.144700 ms)

========================================================================
Received Prepare
Registering precompiled user dll's ...
Registered in 0.003842 seconds.
Begin MonoManager ReloadAssembly
Native extension for WindowsStandalone target not found
Refreshing native plugins compatible for Editor in 0.73 ms, found 3 plugins.
Preloading 0 native plugins for Editor in 0.00 ms.
Mono: successfully reloaded assembly
- Completed reload, in  1.238 seconds
Platform modules already initialized, skipping
Refreshing native plugins compatible for Editor in 0.63 ms, found 3 plugins.
Preloading 0 native plugins for Editor in 0.00 ms.
Unloading 2093 Unused Serialized files (Serialized files now loaded: 0)
System memory in use before: 96.6 MB.
System memory in use after: 96.5 MB.

Unloading 21 unused Assets to reduce memory usage. Loaded Objects now: 2564.
Total: 2.829300 ms (FindLiveObjects: 0.314400 ms CreateObjectMapping: 0.062200 ms MarkObjects: 2.296400 ms  DeleteObjects: 0.153800 ms)

========================================================================
Received Prepare
Registering precompiled user dll's ...
Registered in 0.003625 seconds.
Begin MonoManager ReloadAssembly
Native extension for WindowsStandalone target not found
Refreshing native plugins compatible for Editor in 0.67 ms, found 3 plugins.
Preloading 0 native plugins for Editor in 0.00 ms.
Mono: successfully reloaded assembly
- Completed reload, in  1.212 seconds
Platform modules already initialized, skipping
Refreshing native plugins compatible for Editor in 1.40 ms, found 3 plugins.
Preloading 0 native plugins for Editor in 0.00 ms.
Unloading 2093 Unused Serialized files (Serialized files now loaded: 0)
System memory in use before: 96.6 MB.
System memory in use after: 96.6 MB.

Unloading 21 unused Assets to reduce memory usage. Loaded Objects now: 2568.
Total: 4.193800 ms (FindLiveObjects: 0.525500 ms CreateObjectMapping: 0.074300 ms MarkObjects: 3.450100 ms  DeleteObjects: 0.141400 ms)

========================================================================
Received Prepare
Registering precompiled user dll's ...
Registered in 0.003678 seconds.
Begin MonoManager ReloadAssembly
Native extension for WindowsStandalone target not found
Refreshing native plugins compatible for Editor in 0.66 ms, found 3 plugins.
Preloading 0 native plugins for Editor in 0.00 ms.
Mono: successfully reloaded assembly
- Completed reload, in  1.225 seconds
Platform modules already initialized, skipping
Refreshing native plugins compatible for Editor in 2.11 ms, found 3 plugins.
Preloading 0 native plugins for Editor in 0.00 ms.
Unloading 2093 Unused Serialized files (Serialized files now loaded: 0)
System memory in use before: 96.6 MB.
System memory in use after: 96.6 MB.

Unloading 21 unused Assets to reduce memory usage. Loaded Objects now: 2572.
Total: 3.074600 ms (FindLiveObjects: 0.340600 ms CreateObjectMapping: 0.072800 ms MarkObjects: 2.512900 ms  DeleteObjects: 0.146100 ms)

========================================================================
Received Prepare
Registering precompiled user dll's ...
Registered in 0.004339 seconds.
Begin MonoManager ReloadAssembly
Native extension for WindowsStandalone target not found
Refreshing native plugins compatible for Editor in 0.61 ms, found 3 plugins.
Preloading 0 native plugins for Editor in 0.00 ms.
Mono: successfully reloaded assembly
- Completed reload, in  1.235 seconds
Platform modules already initialized, skipping
Refreshing native plugins compatible for Editor in 0.63 ms, found 3 plugins.
Preloading 0 native plugins for Editor in 0.00 ms.
Unloading 2093 Unused Serialized files (Serialized files now loaded: 0)
System memory in use before: 96.6 MB.
System memory in use after: 96.6 MB.

Unloading 21 unused Assets to reduce memory usage. Loaded Objects now: 2576.
Total: 2.868400 ms (FindLiveObjects: 0.255200 ms CreateObjectMapping: 0.060700 ms MarkObjects: 2.416000 ms  DeleteObjects: 0.135000 ms)

========================================================================
Received Prepare
Registering precompiled user dll's ...
Registered in 0.004350 seconds.
Begin MonoManager ReloadAssembly
Native extension for WindowsStandalone target not found
Refreshing native plugins compatible for Editor in 0.96 ms, found 3 plugins.
Preloading 0 native plugins for Editor in 0.00 ms.
Mono: successfully reloaded assembly
- Completed reload, in  1.384 seconds
Platform modules already initialized, skipping
Refreshing native plugins compatible for Editor in 0.65 ms, found 3 plugins.
Preloading 0 native plugins for Editor in 0.00 ms.
Unloading 2093 Unused Serialized files (Serialized files now loaded: 0)
System memory in use before: 96.6 MB.
System memory in use after: 96.6 MB.

Unloading 21 unused Assets to reduce memory usage. Loaded Objects now: 2580.
Total: 2.829000 ms (FindLiveObjects: 0.267100 ms CreateObjectMapping: 0.058300 ms MarkObjects: 2.364000 ms  DeleteObjects: 0.138200 ms)

========================================================================
Received Prepare
Registering precompiled user dll's ...
Registered in 0.003697 seconds.
Begin MonoManager ReloadAssembly
Native extension for WindowsStandalone target not found
Refreshing native plugins compatible for Editor in 0.81 ms, found 3 plugins.
Preloading 0 native plugins for Editor in 0.00 ms.
Mono: successfully reloaded assembly
- Completed reload, in  1.217 seconds
Platform modules already initialized, skipping
Refreshing native plugins compatible for Editor in 1.08 ms, found 3 plugins.
Preloading 0 native plugins for Editor in 0.00 ms.
Unloading 2093 Unused Serialized files (Serialized files now loaded: 0)
System memory in use before: 96.6 MB.
System memory in use after: 96.6 MB.

Unloading 21 unused Assets to reduce memory usage. Loaded Objects now: 2584.
Total: 2.676600 ms (FindLiveObjects: 0.255400 ms CreateObjectMapping: 0.057500 ms MarkObjects: 2.227300 ms  DeleteObjects: 0.135200 ms)

========================================================================
Received Import Request.
  Time since last request: 1705.590667 seconds.
  path: Assets/Cainos/Pixel Art Platformer - Village Props/Material/MT FX Particle Torch Fire.mat
  artifactKey: Guid(dce4faabfa7d00147bb7d853e5c1fbf3) Importer(815301076,1909f56bfc062723c751e8b465ee728b)
Start importing Assets/Cainos/Pixel Art Platformer - Village Props/Material/MT FX Particle Torch Fire.mat using Guid(dce4faabfa7d00147bb7d853e5c1fbf3) Importer(815301076,1909f56bfc062723c751e8b465ee728b)  -> (artifact id: 'c90ff633051c9112fb31050bc976cbd0') in 0.273915 seconds
  Import took 0.278189 seconds .

========================================================================
Received Prepare
Registering precompiled user dll's ...
Registered in 0.003871 seconds.
Begin MonoManager ReloadAssembly
Native extension for WindowsStandalone target not found
Refreshing native plugins compatible for Editor in 0.63 ms, found 3 plugins.
Preloading 0 native plugins for Editor in 0.00 ms.
Mono: successfully reloaded assembly
- Completed reload, in  1.242 seconds
Platform modules already initialized, skipping
Refreshing native plugins compatible for Editor in 0.77 ms, found 3 plugins.
Preloading 0 native plugins for Editor in 0.00 ms.
Unloading 2093 Unused Serialized files (Serialized files now loaded: 0)
System memory in use before: 96.8 MB.
System memory in use after: 96.8 MB.

Unloading 21 unused Assets to reduce memory usage. Loaded Objects now: 2622.
Total: 2.872300 ms (FindLiveObjects: 0.269200 ms CreateObjectMapping: 0.073000 ms MarkObjects: 2.377700 ms  DeleteObjects: 0.151000 ms)

========================================================================
Received Import Request.
  Time since last request: 12.827415 seconds.
  path: Assets/Prefabs/HayBale.prefab
  artifactKey: Guid(f7cc88a431d38b445bae4a478a53c17d) Importer(815301076,1909f56bfc062723c751e8b465ee728b)
Start importing Assets/Prefabs/HayBale.prefab using Guid(f7cc88a431d38b445bae4a478a53c17d) Importer(815301076,1909f56bfc062723c751e8b465ee728b)  -> (artifact id: 'b1029878977aa894f5554028b2e1d60e') in 0.077747 seconds
  Import took 0.082283 seconds .

========================================================================
Received Import Request.
  Time since last request: 4.254537 seconds.
  path: Assets/Cainos/Pixel Art Platformer - Village Props/Material/MT FX Particle Torch Spark.mat
  artifactKey: Guid(23524a906e8f5eb4384f92eb87af52f4) Importer(815301076,1909f56bfc062723c751e8b465ee728b)
Start importing Assets/Cainos/Pixel Art Platformer - Village Props/Material/MT FX Particle Torch Spark.mat using Guid(23524a906e8f5eb4384f92eb87af52f4) Importer(815301076,1909f56bfc062723c751e8b465ee728b)  -> (artifact id: '225e68a24654691f4aedb68393def03a') in 0.030711 seconds
  Import took 0.036144 seconds .

========================================================================
Received Import Request.
  Time since last request: 0.130120 seconds.
  path: Assets/Prefabs/HayBale.prefab
  artifactKey: Guid(f7cc88a431d38b445bae4a478a53c17d) Importer(815301076,1909f56bfc062723c751e8b465ee728b)
Start importing Assets/Prefabs/HayBale.prefab using Guid(f7cc88a431d38b445bae4a478a53c17d) Importer(815301076,1909f56bfc062723c751e8b465ee728b)  -> (artifact id: 'dbdc64c53bcd3aede4c058321950d22c') in 0.033594 seconds
  Import took 0.039145 seconds .

========================================================================
Received Import Request.
  Time since last request: 4.214032 seconds.
  path: Assets/Prefabs/HayBale.prefab
  artifactKey: Guid(f7cc88a431d38b445bae4a478a53c17d) Importer(815301076,1909f56bfc062723c751e8b465ee728b)
Start importing Assets/Prefabs/HayBale.prefab using Guid(f7cc88a431d38b445bae4a478a53c17d) Importer(815301076,1909f56bfc062723c751e8b465ee728b)  -> (artifact id: 'b867d557de0d3431781b19ec365299ae') in 0.022649 seconds
  Import took 0.027789 seconds .

========================================================================
Received Import Request.
  Time since last request: 4.017576 seconds.
  path: Assets/Prefabs/HayBale.prefab
  artifactKey: Guid(f7cc88a431d38b445bae4a478a53c17d) Importer(815301076,1909f56bfc062723c751e8b465ee728b)
Start importing Assets/Prefabs/HayBale.prefab using Guid(f7cc88a431d38b445bae4a478a53c17d) Importer(815301076,1909f56bfc062723c751e8b465ee728b)  -> (artifact id: '780c4b34f31014081c7287da60b152e5') in 0.015161 seconds
  Import took 0.020930 seconds .

========================================================================
Received Import Request.
  Time since last request: 8.848923 seconds.
  path: Assets/Prefabs/HayBale.prefab
  artifactKey: Guid(f7cc88a431d38b445bae4a478a53c17d) Importer(815301076,1909f56bfc062723c751e8b465ee728b)
Start importing Assets/Prefabs/HayBale.prefab using Guid(f7cc88a431d38b445bae4a478a53c17d) Importer(815301076,1909f56bfc062723c751e8b465ee728b)  -> (artifact id: '673471d57dbcbd8f26c8849dd0c0a6a8') in 0.014497 seconds
  Import took 0.019582 seconds .

========================================================================
Received Import Request.
  Time since last request: 10.474851 seconds.
  path: Assets/Prefabs/HayBale.prefab
  artifactKey: Guid(f7cc88a431d38b445bae4a478a53c17d) Importer(815301076,1909f56bfc062723c751e8b465ee728b)
Start importing Assets/Prefabs/HayBale.prefab using Guid(f7cc88a431d38b445bae4a478a53c17d) Importer(815301076,1909f56bfc062723c751e8b465ee728b)  -> (artifact id: 'b6c9d69412fa0a54b20a0b2cf209c895') in 0.016203 seconds
  Import took 0.021715 seconds .

========================================================================
Received Import Request.
  Time since last request: 9.930907 seconds.
  path: Assets/Cainos/Pixel Art Platformer - Village Props/Material/MT FX Particle Torch Glow.mat
  artifactKey: Guid(6c48dc6ed4cda324b83bb2391ca6fb9a) Importer(815301076,1909f56bfc062723c751e8b465ee728b)
Start importing Assets/Cainos/Pixel Art Platformer - Village Props/Material/MT FX Particle Torch Glow.mat using Guid(6c48dc6ed4cda324b83bb2391ca6fb9a) Importer(815301076,1909f56bfc062723c751e8b465ee728b)  -> (artifact id: 'fe71cf4db70b34234b34505600ccff49') in 0.016607 seconds
  Import took 0.021235 seconds .

========================================================================
Received Import Request.
  Time since last request: 4.157302 seconds.
  path: Assets/Prefabs/HayBale.prefab
  artifactKey: Guid(f7cc88a431d38b445bae4a478a53c17d) Importer(815301076,1909f56bfc062723c751e8b465ee728b)
Start importing Assets/Prefabs/HayBale.prefab using Guid(f7cc88a431d38b445bae4a478a53c17d) Importer(815301076,1909f56bfc062723c751e8b465ee728b)  -> (artifact id: 'e99d40f76e6191b97b7a0a998ae790f8') in 0.015846 seconds
  Import took 0.021086 seconds .

========================================================================
Received Prepare
Registering precompiled user dll's ...
Registered in 0.004679 seconds.
Begin MonoManager ReloadAssembly
Native extension for WindowsStandalone target not found
Refreshing native plugins compatible for Editor in 0.67 ms, found 3 plugins.
Preloading 0 native plugins for Editor in 0.00 ms.
Mono: successfully reloaded assembly
- Completed reload, in  1.398 seconds
Platform modules already initialized, skipping
Refreshing native plugins compatible for Editor in 0.98 ms, found 3 plugins.
Preloading 0 native plugins for Editor in 0.00 ms.
Unloading 2093 Unused Serialized files (Serialized files now loaded: 0)
System memory in use before: 96.9 MB.
System memory in use after: 96.9 MB.

Unloading 22 unused Assets to reduce memory usage. Loaded Objects now: 2627.
Total: 3.532000 ms (FindLiveObjects: 0.374700 ms CreateObjectMapping: 0.063600 ms MarkObjects: 2.884500 ms  DeleteObjects: 0.206700 ms)

========================================================================
Received Import Request.
  Time since last request: 8.203140 seconds.
  path: Assets/Prefabs/HayBale.prefab
  artifactKey: Guid(f7cc88a431d38b445bae4a478a53c17d) Importer(815301076,1909f56bfc062723c751e8b465ee728b)
Start importing Assets/Prefabs/HayBale.prefab using Guid(f7cc88a431d38b445bae4a478a53c17d) Importer(815301076,1909f56bfc062723c751e8b465ee728b)  -> (artifact id: '6212b463fbb0eb83233ea78919581236') in 0.084501 seconds
  Import took 0.089632 seconds .

========================================================================
Received Import Request.
  Time since last request: 37.580930 seconds.
  path: Assets/Prefabs/FireCharacter.prefab
  artifactKey: Guid(b997143c79c68e9439420551199272d5) Importer(815301076,1909f56bfc062723c751e8b465ee728b)
Start importing Assets/Prefabs/FireCharacter.prefab using Guid(b997143c79c68e9439420551199272d5) Importer(815301076,1909f56bfc062723c751e8b465ee728b)  -> (artifact id: '66fb70d4c2ee0dd732444026d4bf446a') in 0.011193 seconds
  Import took 0.015600 seconds .

========================================================================
Received Import Request.
  Time since last request: 18.530960 seconds.
  path: Assets/Prefabs/FireCharacter.prefab
  artifactKey: Guid(b997143c79c68e9439420551199272d5) Importer(815301076,1909f56bfc062723c751e8b465ee728b)
Start importing Assets/Prefabs/FireCharacter.prefab using Guid(b997143c79c68e9439420551199272d5) Importer(815301076,1909f56bfc062723c751e8b465ee728b)  -> (artifact id: '9342a9cfa39030c880f47d395a873688') in 0.014914 seconds
  Import took 0.020204 seconds .

========================================================================
Received Import Request.
  Time since last request: 6.629704 seconds.
  path: Assets/Prefabs/FireCharacter.prefab
  artifactKey: Guid(b997143c79c68e9439420551199272d5) Importer(815301076,1909f56bfc062723c751e8b465ee728b)
Start importing Assets/Prefabs/FireCharacter.prefab using Guid(b997143c79c68e9439420551199272d5) Importer(815301076,1909f56bfc062723c751e8b465ee728b)  -> (artifact id: 'c845ba17272d2cb20d72173b92cad18a') in 0.011347 seconds
  Import took 0.016511 seconds .

========================================================================
Received Import Request.
  Time since last request: 13.091332 seconds.
  path: Assets/Prefabs/IceCharacter.prefab
  artifactKey: Guid(2f8455e72314d06498d7dec4990f9f60) Importer(815301076,1909f56bfc062723c751e8b465ee728b)
Start importing Assets/Prefabs/IceCharacter.prefab using Guid(2f8455e72314d06498d7dec4990f9f60) Importer(815301076,1909f56bfc062723c751e8b465ee728b)  -> (artifact id: '259e72d7ac863aa235d8610617a98ee6') in 0.045181 seconds
  Import took 0.049752 seconds .

========================================================================
Received Import Request.
  Time since last request: 8.992664 seconds.
  path: Assets/Prefabs/IceCharacter.prefab
  artifactKey: Guid(2f8455e72314d06498d7dec4990f9f60) Importer(815301076,1909f56bfc062723c751e8b465ee728b)
Start importing Assets/Prefabs/IceCharacter.prefab using Guid(2f8455e72314d06498d7dec4990f9f60) Importer(815301076,1909f56bfc062723c751e8b465ee728b)  -> (artifact id: '7e89d50eb5acc016f92681b21706fd82') in 0.012634 seconds
  Import took 0.017438 seconds .

========================================================================
Received Prepare
Registering precompiled user dll's ...
Registered in 0.004780 seconds.
Begin MonoManager ReloadAssembly
Native extension for WindowsStandalone target not found
Refreshing native plugins compatible for Editor in 0.83 ms, found 3 plugins.
Preloading 0 native plugins for Editor in 0.00 ms.
Mono: successfully reloaded assembly
- Completed reload, in  1.263 seconds
Platform modules already initialized, skipping
Refreshing native plugins compatible for Editor in 0.88 ms, found 3 plugins.
Preloading 0 native plugins for Editor in 0.00 ms.
Unloading 2093 Unused Serialized files (Serialized files now loaded: 0)
System memory in use before: 96.9 MB.
System memory in use after: 96.9 MB.

Unloading 22 unused Assets to reduce memory usage. Loaded Objects now: 2632.
Total: 3.490900 ms (FindLiveObjects: 0.435800 ms CreateObjectMapping: 0.069400 ms MarkObjects: 2.791000 ms  DeleteObjects: 0.192600 ms)

AssetImportWorkerClient::OnTransportError - code=2 error=End of file
