Using pre-set license
Built from '2020.3/staging' branch; Version is '2020.3.11f1 (99c7afb366b3) revision 10078127'; Using compiler version '192528614'; Build Type 'Release'
OS: 'Windows 10 Pro; OS build 19042.1052; Version 2009; 64bit' Language: 'en' Physical Memory: 8144 MB
BatchMode: 1, IsHumanControllingUs: 0, StartBugReporterOnCrash: 0, Is64bit: 1, IsPro: 0

 COMMAND LINE ARGUMENTS:
E:\Unity\Editor\2020.3.11f1\Editor\Unity.exe
-adb2
-batchMode
-noUpm
-name
AssetImportWorker1
-projectPath
E:/Unity/Project/FireAndIce_N7
-logFile
Logs/AssetImportWorker1.log
-srvPort
54792
Successfully changed project path to: E:/Unity/Project/FireAndIce_N7
E:/Unity/Project/FireAndIce_N7
Using Asset Import Pipeline V2.
Refreshing native plugins compatible for Editor in 56.53 ms, found 3 plugins.
Preloading 0 native plugins for Editor in 0.00 ms.
Initialize engine version: 2020.3.11f1 (99c7afb366b3)
[Subsystems] Discovering subsystems at path E:/Unity/Editor/2020.3.11f1/Editor/Data/Resources/UnitySubsystems
[Subsystems] Discovering subsystems at path E:/Unity/Project/FireAndIce_N7/Assets
GfxDevice: creating device client; threaded=0
Direct3D:
    Version:  Direct3D 11.0 [level 11.1]
    Renderer: NVIDIA GeForce GTX 1050 Ti (ID=0x1c82)
    Vendor:   
    VRAM:     4018 MB
    Driver:   27.21.14.6647
Initialize mono
Mono path[0] = 'E:/Unity/Editor/2020.3.11f1/Editor/Data/Managed'
Mono path[1] = 'E:/Unity/Editor/2020.3.11f1/Editor/Data/MonoBleedingEdge/lib/mono/unityjit'
Mono config path = 'E:/Unity/Editor/2020.3.11f1/Editor/Data/MonoBleedingEdge/etc'
Using monoOptions --debugger-agent=transport=dt_socket,embedding=1,server=y,suspend=n,address=127.0.0.1:56204
Begin MonoManager ReloadAssembly
Registering precompiled unity dll's ...
Register platform support module: E:/Unity/Editor/2020.3.11f1/Editor/Data/PlaybackEngines/WindowsStandaloneSupport/UnityEditor.WindowsStandalone.Extensions.dll
Registered in 0.001327 seconds.
Native extension for WindowsStandalone target not found
Refreshing native plugins compatible for Editor in 53.26 ms, found 3 plugins.
Preloading 0 native plugins for Editor in 0.00 ms.
Mono: successfully reloaded assembly
- Completed reload, in  1.149 seconds
Platform modules already initialized, skipping
Registering precompiled user dll's ...
Registered in 0.003625 seconds.
Begin MonoManager ReloadAssembly
Native extension for WindowsStandalone target not found
Refreshing native plugins compatible for Editor in 53.44 ms, found 3 plugins.
Preloading 0 native plugins for Editor in 0.00 ms.
Mono: successfully reloaded assembly
- Completed reload, in  2.356 seconds
Platform modules already initialized, skipping
========================================================================
Worker process is ready to serve import requests
Launched and connected shader compiler UnityShaderCompiler.exe after 0.13 seconds
Refreshing native plugins compatible for Editor in 0.60 ms, found 3 plugins.
Preloading 0 native plugins for Editor in 0.00 ms.
Unloading 2102 Unused Serialized files (Serialized files now loaded: 0)
System memory in use before: 93.5 MB.
System memory in use after: 93.4 MB.

Unloading 33 unused Assets to reduce memory usage. Loaded Objects now: 2538.
Total: 2.939200 ms (FindLiveObjects: 0.272500 ms CreateObjectMapping: 0.059900 ms MarkObjects: 2.420000 ms  DeleteObjects: 0.185300 ms)

========================================================================
Received Import Request.
  path: Assets/Pixel Adventure 2/Assets/Enemies/FatBird/Ground (40x48).png
  artifactKey: Guid(1b30865eb3e4c8e4c98659ab87085cf7) Importer(815301076,1909f56bfc062723c751e8b465ee728b)
Start importing Assets/Pixel Adventure 2/Assets/Enemies/FatBird/Ground (40x48).png using Guid(1b30865eb3e4c8e4c98659ab87085cf7) Importer(815301076,1909f56bfc062723c751e8b465ee728b)  -> (artifact id: 'd5476a2ed23cf19220c803fe490043d4') in 0.696173 seconds
  Import took 0.742970 seconds .

========================================================================
Received Import Request.
  Time since last request: 0.000367 seconds.
  path: Assets/Cainos/Pixel Art Platformer - Village Props/Texture/TX Particle Flame.png
  artifactKey: Guid(cfcfd3af954eeb54cb041fe6d75a983b) Importer(815301076,1909f56bfc062723c751e8b465ee728b)
Start importing Assets/Cainos/Pixel Art Platformer - Village Props/Texture/TX Particle Flame.png using Guid(cfcfd3af954eeb54cb041fe6d75a983b) Importer(815301076,1909f56bfc062723c751e8b465ee728b)  -> (artifact id: '29e8cbfd73e5a2118f525430884e0f6a') in 0.075890 seconds
  Import took 0.106641 seconds .

========================================================================
Received Import Request.
  Time since last request: 0.000222 seconds.
  path: Assets/Pixel Adventure 2/Assets/Enemies/Trunk/Idle (64x32).png
  artifactKey: Guid(bf4df7b2c9cda4c44b372e2b47a5cb8f) Importer(815301076,1909f56bfc062723c751e8b465ee728b)
Start importing Assets/Pixel Adventure 2/Assets/Enemies/Trunk/Idle (64x32).png using Guid(bf4df7b2c9cda4c44b372e2b47a5cb8f) Importer(815301076,1909f56bfc062723c751e8b465ee728b)  -> (artifact id: '9e4c32fee8415c9b778d46eb47d777c2') in 0.160584 seconds
  Import took 0.180945 seconds .

========================================================================
Received Import Request.
  Time since last request: 0.000264 seconds.
  path: Assets/Pixel Adventure 2/Assets/Enemies/Snail/Idle (38x24).png
  artifactKey: Guid(35d33412cf90ccf4f9e1b5100ba41640) Importer(815301076,1909f56bfc062723c751e8b465ee728b)
Start importing Assets/Pixel Adventure 2/Assets/Enemies/Snail/Idle (38x24).png using Guid(35d33412cf90ccf4f9e1b5100ba41640) Importer(815301076,1909f56bfc062723c751e8b465ee728b)  -> (artifact id: '18a462412e3a7523c2ed900402b726e6') in 0.071850 seconds
  Import took 0.076204 seconds .

========================================================================
Received Import Request.
  Time since last request: 0.000253 seconds.
  path: Assets/Pixel Adventure 2/Assets/Enemies/Bunny/Hit (34x44).png
  artifactKey: Guid(48fabbf5f431fee489fc720634fea0b6) Importer(815301076,1909f56bfc062723c751e8b465ee728b)
Start importing Assets/Pixel Adventure 2/Assets/Enemies/Bunny/Hit (34x44).png using Guid(48fabbf5f431fee489fc720634fea0b6) Importer(815301076,1909f56bfc062723c751e8b465ee728b)  -> (artifact id: '1b806ac7e74363f63af1de69feb3d3ba') in 0.052609 seconds
  Import took 0.078702 seconds .

========================================================================
Received Import Request.
  Time since last request: 0.000218 seconds.
  path: Assets/Pixel Adventure 2/Assets/Enemies/Chameleon/Idle (84x38).png
  artifactKey: Guid(43f6bb244a62313438cda197a8e07007) Importer(815301076,1909f56bfc062723c751e8b465ee728b)
Start importing Assets/Pixel Adventure 2/Assets/Enemies/Chameleon/Idle (84x38).png using Guid(43f6bb244a62313438cda197a8e07007) Importer(815301076,1909f56bfc062723c751e8b465ee728b)  -> (artifact id: 'fd71469ffb78fd6fa6a19bdd7071da42') in 0.110874 seconds
  Import took 0.131520 seconds .

========================================================================
Received Import Request.
  Time since last request: 0.000205 seconds.
  path: Assets/Pixel Adventure 2/Assets/Enemies/Bee/Attack (36x34).png
  artifactKey: Guid(91b25275eae7e0d42a0f271880e21b72) Importer(815301076,1909f56bfc062723c751e8b465ee728b)
Start importing Assets/Pixel Adventure 2/Assets/Enemies/Bee/Attack (36x34).png using Guid(91b25275eae7e0d42a0f271880e21b72) Importer(815301076,1909f56bfc062723c751e8b465ee728b)  -> (artifact id: '75897713175d3924b3e9ede989d09247') in 0.071017 seconds
  Import took 0.096130 seconds .

========================================================================
Received Import Request.
  Time since last request: 0.000193 seconds.
  path: Assets/Pixel Adventure 2/Assets/Enemies/Mushroom/Run (32x32).png
  artifactKey: Guid(4de760c38ab41314bbdcfb6943023452) Importer(815301076,1909f56bfc062723c751e8b465ee728b)
Start importing Assets/Pixel Adventure 2/Assets/Enemies/Mushroom/Run (32x32).png using Guid(4de760c38ab41314bbdcfb6943023452) Importer(815301076,1909f56bfc062723c751e8b465ee728b)  -> (artifact id: 'a6ec8b27dbfb8eed13c88254a612b4a9') in 0.085424 seconds
  Import took 0.107586 seconds .

========================================================================
Received Import Request.
  Time since last request: 0.000228 seconds.
  path: Assets/Pixel Adventure 2/Assets/Enemies/Duck/Jump (36x36).png
  artifactKey: Guid(38cb56d15dc28c34eaf4da30ab64c8fb) Importer(815301076,1909f56bfc062723c751e8b465ee728b)
Start importing Assets/Pixel Adventure 2/Assets/Enemies/Duck/Jump (36x36).png using Guid(38cb56d15dc28c34eaf4da30ab64c8fb) Importer(815301076,1909f56bfc062723c751e8b465ee728b)  -> (artifact id: '0a07ceb99eabd1d1b95857c2e738995f') in 0.054244 seconds
  Import took 0.074533 seconds .

========================================================================
Received Import Request.
  Time since last request: 0.000226 seconds.
  path: Assets/Pixel Adventure 2/Assets/Enemies/Skull/Hit (52x54).png
  artifactKey: Guid(c389d719c1036984ea7ca0d1f8a62a93) Importer(815301076,1909f56bfc062723c751e8b465ee728b)
Start importing Assets/Pixel Adventure 2/Assets/Enemies/Skull/Hit (52x54).png using Guid(c389d719c1036984ea7ca0d1f8a62a93) Importer(815301076,1909f56bfc062723c751e8b465ee728b)  -> (artifact id: 'afa79310c1679afaf12692173c387159') in 0.061388 seconds
  Import took 0.065377 seconds .

========================================================================
Received Import Request.
  Time since last request: 0.000240 seconds.
  path: Assets/Pixel Adventure 2/Assets/Enemies/Ghost/Appear (44x30).png
  artifactKey: Guid(a26831e3796d4f6498e8400f4a01326b) Importer(815301076,1909f56bfc062723c751e8b465ee728b)
Start importing Assets/Pixel Adventure 2/Assets/Enemies/Ghost/Appear (44x30).png using Guid(a26831e3796d4f6498e8400f4a01326b) Importer(815301076,1909f56bfc062723c751e8b465ee728b)  -> (artifact id: '5b5728c171d9f6463b10285555beb19e') in 0.062510 seconds
  Import took 0.083461 seconds .

========================================================================
Received Import Request.
  Time since last request: 0.000225 seconds.
  path: Assets/Pixel Adventure 2/Assets/Enemies/Ghost/Hit (44x30).png
  artifactKey: Guid(fe0d305c386c24f49b22110bd836c48d) Importer(815301076,1909f56bfc062723c751e8b465ee728b)
Start importing Assets/Pixel Adventure 2/Assets/Enemies/Ghost/Hit (44x30).png using Guid(fe0d305c386c24f49b22110bd836c48d) Importer(815301076,1909f56bfc062723c751e8b465ee728b)  -> (artifact id: 'b1f2bacb7c5bb3a1a53aa7f6ba1ab3ea') in 0.030749 seconds
  Import took 0.041815 seconds .

========================================================================
Received Import Request.
  Time since last request: 0.000225 seconds.
  path: Assets/Pixel Adventure 2/Assets/Enemies/Plant/Attack (44x42).png
  artifactKey: Guid(f85ccb91ff4f71d44808845949b0798b) Importer(815301076,1909f56bfc062723c751e8b465ee728b)
Start importing Assets/Pixel Adventure 2/Assets/Enemies/Plant/Attack (44x42).png using Guid(f85ccb91ff4f71d44808845949b0798b) Importer(815301076,1909f56bfc062723c751e8b465ee728b)  -> (artifact id: '0e0f10081d34fee30a202e73adc4480e') in 0.061107 seconds
  Import took 0.077936 seconds .

========================================================================
Received Import Request.
  Time since last request: 0.000243 seconds.
  path: Assets/Pixel Adventure 2/Assets/Enemies/Plant/Idle (44x42).png
  artifactKey: Guid(326dd6eeaa0ca144ca01194dbacf63fa) Importer(815301076,1909f56bfc062723c751e8b465ee728b)
Start importing Assets/Pixel Adventure 2/Assets/Enemies/Plant/Idle (44x42).png using Guid(326dd6eeaa0ca144ca01194dbacf63fa) Importer(815301076,1909f56bfc062723c751e8b465ee728b)  -> (artifact id: '705d3f9f4e7b69714f0556a238786006') in 0.064294 seconds
  Import took 0.085537 seconds .

========================================================================
Received Import Request.
  Time since last request: 0.000228 seconds.
  path: Assets/Pixel Adventure 2/Assets/Enemies/Rino/Idle (52x34).png
  artifactKey: Guid(e3531be27cb827743bac8ea66dae5bfd) Importer(815301076,1909f56bfc062723c751e8b465ee728b)
Start importing Assets/Pixel Adventure 2/Assets/Enemies/Rino/Idle (52x34).png using Guid(e3531be27cb827743bac8ea66dae5bfd) Importer(815301076,1909f56bfc062723c751e8b465ee728b)  -> (artifact id: 'a3d35571fe423bfdd07ef146b1e973ac') in 0.066331 seconds
  Import took 0.070165 seconds .

========================================================================
Received Import Request.
  Time since last request: 0.000202 seconds.
  path: Assets/Pixel Adventure 2/Assets/Enemies/Turtle/Hit (44x26).png
  artifactKey: Guid(1be4f088c23bfd74091c162649ac6f15) Importer(815301076,1909f56bfc062723c751e8b465ee728b)
Start importing Assets/Pixel Adventure 2/Assets/Enemies/Turtle/Hit (44x26).png using Guid(1be4f088c23bfd74091c162649ac6f15) Importer(815301076,1909f56bfc062723c751e8b465ee728b)  -> (artifact id: '8fae3553e78be8aff45a9c5da23663e1') in 0.065508 seconds
  Import took 0.084809 seconds .

========================================================================
Received Import Request.
  Time since last request: 0.000257 seconds.
  path: Assets/Cainos/Pixel Art Platformer - Village Props/Texture/TX Village Props.png
  artifactKey: Guid(7810966f0f690954c87305933cabf2b0) Importer(815301076,1909f56bfc062723c751e8b465ee728b)
Start importing Assets/Cainos/Pixel Art Platformer - Village Props/Texture/TX Village Props.png using Guid(7810966f0f690954c87305933cabf2b0) Importer(815301076,1909f56bfc062723c751e8b465ee728b)  -> (artifact id: 'd6df726575e22f6b1de712bc2df7808e') in 0.450811 seconds
  Import took 0.490230 seconds .

========================================================================
Received Import Request.
  Time since last request: 0.000284 seconds.
  path: Assets/Pixel Adventure 2/Assets/Enemies/Bunny/Idle (34x44).png
  artifactKey: Guid(070a0fea8d7c56647b4a4a1bf7feb63e) Importer(815301076,1909f56bfc062723c751e8b465ee728b)
Start importing Assets/Pixel Adventure 2/Assets/Enemies/Bunny/Idle (34x44).png using Guid(070a0fea8d7c56647b4a4a1bf7feb63e) Importer(815301076,1909f56bfc062723c751e8b465ee728b)  -> (artifact id: '145b55836ece5656c3a81bcbb01db95a') in 0.053542 seconds
  Import took 0.077419 seconds .

========================================================================
Received Import Request.
  Time since last request: 0.000246 seconds.
  path: Assets/Pixel Adventure 2/Assets/Enemies/Skull/Red Particle.png
  artifactKey: Guid(a9a2e792e09a33b428d70b813df6a1db) Importer(815301076,1909f56bfc062723c751e8b465ee728b)
Start importing Assets/Pixel Adventure 2/Assets/Enemies/Skull/Red Particle.png using Guid(a9a2e792e09a33b428d70b813df6a1db) Importer(815301076,1909f56bfc062723c751e8b465ee728b)  -> (artifact id: 'c1e46d406554602a5d190e3e2f3048a2') in 0.022717 seconds
  Import took 0.047690 seconds .

========================================================================
Received Import Request.
  Time since last request: 0.000305 seconds.
  path: Assets/Pixel Adventure 2/Assets/Enemies/AngryPig/Hit 1 (36x30).png
  artifactKey: Guid(badf6f9cf3e259c47a2031211fdf1867) Importer(815301076,1909f56bfc062723c751e8b465ee728b)
Start importing Assets/Pixel Adventure 2/Assets/Enemies/AngryPig/Hit 1 (36x30).png using Guid(badf6f9cf3e259c47a2031211fdf1867) Importer(815301076,1909f56bfc062723c751e8b465ee728b)  -> (artifact id: '215a150f3807c5b358ce8ed57d7dab42') in 0.046910 seconds
  Import took 0.050913 seconds .

========================================================================
Received Import Request.
  Time since last request: 0.000186 seconds.
  path: Assets/Pixel Adventure 2/Assets/Enemies/Duck/Fall (36x36).png
  artifactKey: Guid(b66d3ed271c328c4b9084c2e0bdb616b) Importer(815301076,1909f56bfc062723c751e8b465ee728b)
Start importing Assets/Pixel Adventure 2/Assets/Enemies/Duck/Fall (36x36).png using Guid(b66d3ed271c328c4b9084c2e0bdb616b) Importer(815301076,1909f56bfc062723c751e8b465ee728b)  -> (artifact id: '6c41f13f9d487a862448880cdcf36bb5') in 0.023361 seconds
  Import took 0.042625 seconds .

========================================================================
Received Import Request.
  Time since last request: 0.000418 seconds.
  path: Assets/Pixel Adventure 2/Assets/Enemies/AngryPig/Idle (36x30).png
  artifactKey: Guid(bb22e9cd7a3f50c41aa55c47dd8c2975) Importer(815301076,1909f56bfc062723c751e8b465ee728b)
Start importing Assets/Pixel Adventure 2/Assets/Enemies/AngryPig/Idle (36x30).png using Guid(bb22e9cd7a3f50c41aa55c47dd8c2975) Importer(815301076,1909f56bfc062723c751e8b465ee728b)  -> (artifact id: '92bb0229032b134f9012a3ef92e56459') in 0.046332 seconds
  Import took 0.060914 seconds .

========================================================================
Received Import Request.
  Time since last request: 0.000211 seconds.
  path: Assets/UI/AlpacaStudio_Menu_Template/ImageAssets/139406.jpg
  artifactKey: Guid(c444f86727e2f204bbc01d2e02958e4a) Importer(815301076,1909f56bfc062723c751e8b465ee728b)
Start importing Assets/UI/AlpacaStudio_Menu_Template/ImageAssets/139406.jpg using Guid(c444f86727e2f204bbc01d2e02958e4a) Importer(815301076,1909f56bfc062723c751e8b465ee728b)  -> (artifact id: '1d42d399aefd5f2f5f24b77209f45a41') in 0.078554 seconds
  Import took 0.099183 seconds .

========================================================================
Received Import Request.
  Time since last request: 0.000368 seconds.
  path: Assets/Pixel Adventure 2/Assets/Enemies/Ghost/Desappear (44x30).png
  artifactKey: Guid(0aff58a705260724ba202eab0ca4f5f7) Importer(815301076,1909f56bfc062723c751e8b465ee728b)
Start importing Assets/Pixel Adventure 2/Assets/Enemies/Ghost/Desappear (44x30).png using Guid(0aff58a705260724ba202eab0ca4f5f7) Importer(815301076,1909f56bfc062723c751e8b465ee728b)  -> (artifact id: '2d6dd2e414eb425e6364f1ba8a2ee7e7') in 0.024877 seconds
  Import took 0.031030 seconds .

========================================================================
Received Import Request.
  Time since last request: 0.000259 seconds.
  path: Assets/Pixel Adventure 2/Assets/Enemies/Chameleon/Attack (84x38).png
  artifactKey: Guid(9d3a57bf16487764588287654b487d2d) Importer(815301076,1909f56bfc062723c751e8b465ee728b)
Start importing Assets/Pixel Adventure 2/Assets/Enemies/Chameleon/Attack (84x38).png using Guid(9d3a57bf16487764588287654b487d2d) Importer(815301076,1909f56bfc062723c751e8b465ee728b)  -> (artifact id: 'b41ab752f44087e912897e05d02a7364') in 0.045565 seconds
  Import took 0.061229 seconds .

========================================================================
Received Import Request.
  Time since last request: 0.000412 seconds.
  path: Assets/Pixel Adventure 2/Assets/Enemies/Ghost/Gost Particles (16x16).png
  artifactKey: Guid(14048ba4b41a50449a2a86a01088f5e2) Importer(815301076,1909f56bfc062723c751e8b465ee728b)
Start importing Assets/Pixel Adventure 2/Assets/Enemies/Ghost/Gost Particles (16x16).png using Guid(14048ba4b41a50449a2a86a01088f5e2) Importer(815301076,1909f56bfc062723c751e8b465ee728b)  -> (artifact id: '13cc1fd10c248b5406b8ca3d300ad179') in 0.038006 seconds
  Import took 0.064016 seconds .

========================================================================
Received Import Request.
  Time since last request: 0.000238 seconds.
  path: Assets/Pixel Adventure 2/Assets/Enemies/Slime/Idle-Run (44x30).png
  artifactKey: Guid(52d40d1d463a123498d838dd108b712a) Importer(815301076,1909f56bfc062723c751e8b465ee728b)
Start importing Assets/Pixel Adventure 2/Assets/Enemies/Slime/Idle-Run (44x30).png using Guid(52d40d1d463a123498d838dd108b712a) Importer(815301076,1909f56bfc062723c751e8b465ee728b)  -> (artifact id: 'b9b81b489865ee313e8b4b8402fdba4e') in 0.074534 seconds
  Import took 0.078689 seconds .

========================================================================
Received Import Request.
  Time since last request: 0.000311 seconds.
  path: Assets/Pixel Adventure 2/Assets/Enemies/FatBird/Hit (40x48).png
  artifactKey: Guid(6800e71ba0f7fb540975b565c43a1930) Importer(815301076,1909f56bfc062723c751e8b465ee728b)
Start importing Assets/Pixel Adventure 2/Assets/Enemies/FatBird/Hit (40x48).png using Guid(6800e71ba0f7fb540975b565c43a1930) Importer(815301076,1909f56bfc062723c751e8b465ee728b)  -> (artifact id: 'acbe9ff96882a31c32544361fdf43ee8') in 0.038913 seconds
  Import took 0.053417 seconds .

========================================================================
Received Import Request.
  Time since last request: 0.000255 seconds.
  path: Assets/Pixel Adventure 2/Assets/Enemies/Turtle/Idle 2 (44x26).png
  artifactKey: Guid(a9c658600a401f347888cfd916603aa4) Importer(815301076,1909f56bfc062723c751e8b465ee728b)
Start importing Assets/Pixel Adventure 2/Assets/Enemies/Turtle/Idle 2 (44x26).png using Guid(a9c658600a401f347888cfd916603aa4) Importer(815301076,1909f56bfc062723c751e8b465ee728b)  -> (artifact id: 'f38b3f83b1bf2bfe4fa6842f4842cddd') in 0.056130 seconds
  Import took 0.060293 seconds .

========================================================================
Received Import Request.
  Time since last request: 0.000264 seconds.
  path: Assets/Pixel Adventure 2/Assets/Enemies/Skull/Idle 2 (52x54).png
  artifactKey: Guid(ed57a13d678b6614fa329888af09bde2) Importer(815301076,1909f56bfc062723c751e8b465ee728b)
Start importing Assets/Pixel Adventure 2/Assets/Enemies/Skull/Idle 2 (52x54).png using Guid(ed57a13d678b6614fa329888af09bde2) Importer(815301076,1909f56bfc062723c751e8b465ee728b)  -> (artifact id: '9da287547b2ac12280aaed887f80b58b') in 0.036591 seconds
  Import took 0.041076 seconds .

========================================================================
Received Import Request.
  Time since last request: 0.000274 seconds.
  path: Assets/Cainos/Pixel Art Platformer - Village Props/Texture/TX Tileset Ground Darken.png
  artifactKey: Guid(157cbc340d2b7e64ab85168e80e95550) Importer(815301076,1909f56bfc062723c751e8b465ee728b)
Start importing Assets/Cainos/Pixel Art Platformer - Village Props/Texture/TX Tileset Ground Darken.png using Guid(157cbc340d2b7e64ab85168e80e95550) Importer(815301076,1909f56bfc062723c751e8b465ee728b)  -> (artifact id: 'dc2fab95ad34d74c9a64aeb484c286e1') in 0.092213 seconds
  Import took 0.113661 seconds .

========================================================================
Received Import Request.
  Time since last request: 0.000202 seconds.
  path: Assets/Pixel Adventure 2/Assets/Enemies/Trunk/Hit (64x32).png
  artifactKey: Guid(02f6a2469272a1740a629fdc51415d8f) Importer(815301076,1909f56bfc062723c751e8b465ee728b)
Start importing Assets/Pixel Adventure 2/Assets/Enemies/Trunk/Hit (64x32).png using Guid(02f6a2469272a1740a629fdc51415d8f) Importer(815301076,1909f56bfc062723c751e8b465ee728b)  -> (artifact id: '50b59f0acf82bdf16ea845faf54d5029') in 0.050253 seconds
  Import took 0.066871 seconds .

========================================================================
Received Import Request.
  Time since last request: 0.000190 seconds.
  path: Assets/Pixel Adventure 2/Assets/Enemies/AngryPig/Hit 2 (36x30).png
  artifactKey: Guid(2083775e9a6509343b255038448305be) Importer(815301076,1909f56bfc062723c751e8b465ee728b)
Start importing Assets/Pixel Adventure 2/Assets/Enemies/AngryPig/Hit 2 (36x30).png using Guid(2083775e9a6509343b255038448305be) Importer(815301076,1909f56bfc062723c751e8b465ee728b)  -> (artifact id: '2aa4904ce06c6bdde42a2c0c2c0a2576') in 0.065909 seconds
  Import took 0.069505 seconds .

========================================================================
Received Import Request.
  Time since last request: 0.000227 seconds.
  path: Assets/Pixel Adventure 2/Assets/Enemies/Snail/Shell Wall Hit (38x24).png
  artifactKey: Guid(e7cc2fad4013ab448a4063d876b18a47) Importer(815301076,1909f56bfc062723c751e8b465ee728b)
Start importing Assets/Pixel Adventure 2/Assets/Enemies/Snail/Shell Wall Hit (38x24).png using Guid(e7cc2fad4013ab448a4063d876b18a47) Importer(815301076,1909f56bfc062723c751e8b465ee728b)  -> (artifact id: '5d5c15cb383b305528744ea725bfea08') in 0.027435 seconds
  Import took 0.058911 seconds .

========================================================================
Received Import Request.
  Time since last request: 0.000195 seconds.
  path: Assets/Pixel Adventure 2/Assets/Enemies/Radish/Hit (30x38).png
  artifactKey: Guid(550949d173469e64b98691ac2b3d9388) Importer(815301076,1909f56bfc062723c751e8b465ee728b)
Start importing Assets/Pixel Adventure 2/Assets/Enemies/Radish/Hit (30x38).png using Guid(550949d173469e64b98691ac2b3d9388) Importer(815301076,1909f56bfc062723c751e8b465ee728b)  -> (artifact id: '1bbb9944c509cafee659d2c4fb062322') in 0.082676 seconds
  Import took 0.086318 seconds .

========================================================================
Received Import Request.
  Time since last request: 0.000213 seconds.
  path: Assets/Pixel Adventure 2/Assets/Enemies/Bunny/Fall.png
  artifactKey: Guid(11d964a7f73f03c479072fa5ca009a7f) Importer(815301076,1909f56bfc062723c751e8b465ee728b)
Start importing Assets/Pixel Adventure 2/Assets/Enemies/Bunny/Fall.png using Guid(11d964a7f73f03c479072fa5ca009a7f) Importer(815301076,1909f56bfc062723c751e8b465ee728b)  -> (artifact id: '8fe3333ef40ad1669934688de8708c51') in 0.028236 seconds
  Import took 0.055754 seconds .

========================================================================
Received Import Request.
  Time since last request: 0.000211 seconds.
  path: Assets/Pixel Adventure 2/Assets/Enemies/Snail/Hit (38x24).png
  artifactKey: Guid(b1ba59a5e0321eb459d8717bf09639dd) Importer(815301076,1909f56bfc062723c751e8b465ee728b)
Start importing Assets/Pixel Adventure 2/Assets/Enemies/Snail/Hit (38x24).png using Guid(b1ba59a5e0321eb459d8717bf09639dd) Importer(815301076,1909f56bfc062723c751e8b465ee728b)  -> (artifact id: 'ea1ae31081c80967c2a52067d092083e') in 0.056491 seconds
  Import took 0.076103 seconds .

========================================================================
Received Import Request.
  Time since last request: 0.000320 seconds.
  path: Assets/Pixel Adventure 2/Assets/Enemies/Duck/Hit (36x36).png
  artifactKey: Guid(b6fb0d541d6e4e54face92c6a2e56a0d) Importer(815301076,1909f56bfc062723c751e8b465ee728b)
Start importing Assets/Pixel Adventure 2/Assets/Enemies/Duck/Hit (36x36).png using Guid(b6fb0d541d6e4e54face92c6a2e56a0d) Importer(815301076,1909f56bfc062723c751e8b465ee728b)  -> (artifact id: 'f528d83940dc6d9879c4a2e622e33d13') in 0.054125 seconds
  Import took 0.065656 seconds .

========================================================================
Received Import Request.
  Time since last request: 0.000214 seconds.
  path: Assets/Pixel Adventure 2/Assets/Enemies/Bat/Idle (46x30).png
  artifactKey: Guid(17f1500d499e1e546814f4f32624b47e) Importer(815301076,1909f56bfc062723c751e8b465ee728b)
Start importing Assets/Pixel Adventure 2/Assets/Enemies/Bat/Idle (46x30).png using Guid(17f1500d499e1e546814f4f32624b47e) Importer(815301076,1909f56bfc062723c751e8b465ee728b)  -> (artifact id: '6cfc1426fb55a688fc61cb65206e1d70') in 0.071770 seconds
  Import took 0.075409 seconds .

========================================================================
Received Import Request.
  Time since last request: 0.000183 seconds.
  path: Assets/Pixel Adventure 2/Assets/Enemies/Skull/Hit Wall 1 (52x54).png
  artifactKey: Guid(54aabc49583d77e4587c8ce5ed94edab) Importer(815301076,1909f56bfc062723c751e8b465ee728b)
Start importing Assets/Pixel Adventure 2/Assets/Enemies/Skull/Hit Wall 1 (52x54).png using Guid(54aabc49583d77e4587c8ce5ed94edab) Importer(815301076,1909f56bfc062723c751e8b465ee728b)  -> (artifact id: '34ff3e97ff845696cd4171a8dc08fe10') in 0.058716 seconds
  Import took 0.087301 seconds .

========================================================================
Received Import Request.
  Time since last request: 0.000197 seconds.
  path: Assets/Pixel Adventure 2/Assets/Enemies/Bunny/Jump.png
  artifactKey: Guid(ecc9c07b5beb1164dbb54c0d9847c7e2) Importer(815301076,1909f56bfc062723c751e8b465ee728b)
Start importing Assets/Pixel Adventure 2/Assets/Enemies/Bunny/Jump.png using Guid(ecc9c07b5beb1164dbb54c0d9847c7e2) Importer(815301076,1909f56bfc062723c751e8b465ee728b)  -> (artifact id: 'f6c56c17c1599e9352698835d69a13f9') in 0.021683 seconds
  Import took 0.025722 seconds .

========================================================================
Received Import Request.
  Time since last request: 0.000271 seconds.
  path: Assets/Pixel Adventure 2/Assets/Enemies/BlueBird/Flying (32x32).png
  artifactKey: Guid(9f8778d0d44049a459735824f24042e0) Importer(815301076,1909f56bfc062723c751e8b465ee728b)
Start importing Assets/Pixel Adventure 2/Assets/Enemies/BlueBird/Flying (32x32).png using Guid(9f8778d0d44049a459735824f24042e0) Importer(815301076,1909f56bfc062723c751e8b465ee728b)  -> (artifact id: '9f2d382d803e76a76a1d4b490a27c639') in 0.065056 seconds
  Import took 0.082965 seconds .

========================================================================
Received Import Request.
  Time since last request: 0.000287 seconds.
  path: Assets/Pixel Adventure 2/Assets/Enemies/AngryPig/Walk (36x30).png
  artifactKey: Guid(3315bdad18a105d49a220419bb2c813f) Importer(815301076,1909f56bfc062723c751e8b465ee728b)
Start importing Assets/Pixel Adventure 2/Assets/Enemies/AngryPig/Walk (36x30).png using Guid(3315bdad18a105d49a220419bb2c813f) Importer(815301076,1909f56bfc062723c751e8b465ee728b)  -> (artifact id: 'b7d568bbfdf2af3b715f938fb7a987d0') in 0.080949 seconds
  Import took 0.137674 seconds .

========================================================================
Received Import Request.
  Time since last request: 0.000318 seconds.
  path: Assets/Pixel Adventure 2/Assets/Enemies/Chameleon/Hit (84x38).png
  artifactKey: Guid(879f42eb54eb4f8489bc40c802959898) Importer(815301076,1909f56bfc062723c751e8b465ee728b)
Start importing Assets/Pixel Adventure 2/Assets/Enemies/Chameleon/Hit (84x38).png using Guid(879f42eb54eb4f8489bc40c802959898) Importer(815301076,1909f56bfc062723c751e8b465ee728b)  -> (artifact id: '185324c5f56d174a7fe47cc2b9a1eb1d') in 0.028498 seconds
  Import took 0.032003 seconds .

========================================================================
Received Import Request.
  Time since last request: 0.000250 seconds.
  path: Assets/Pixel Adventure 2/Assets/Enemies/Turtle/Spikes in (44x26).png
  artifactKey: Guid(e6fc6dc4e21030043abfa53d019c42ec) Importer(815301076,1909f56bfc062723c751e8b465ee728b)
Start importing Assets/Pixel Adventure 2/Assets/Enemies/Turtle/Spikes in (44x26).png using Guid(e6fc6dc4e21030043abfa53d019c42ec) Importer(815301076,1909f56bfc062723c751e8b465ee728b)  -> (artifact id: '36ce77dac22242af0544f0dc1f496c7d') in 0.056872 seconds
  Import took 0.061010 seconds .

========================================================================
Received Import Request.
  Time since last request: 0.000191 seconds.
  path: Assets/Pixel Adventure 2/Assets/Enemies/Rino/Hit Wall (52x34).png
  artifactKey: Guid(af986635e8356a644a7348f570cd3579) Importer(815301076,1909f56bfc062723c751e8b465ee728b)
Start importing Assets/Pixel Adventure 2/Assets/Enemies/Rino/Hit Wall (52x34).png using Guid(af986635e8356a644a7348f570cd3579) Importer(815301076,1909f56bfc062723c751e8b465ee728b)  -> (artifact id: '249b53765469dd0a4d7f8d7e5cb36d32') in 0.030367 seconds
  Import took 0.051042 seconds .

========================================================================
Received Import Request.
  Time since last request: 0.000191 seconds.
  path: Assets/Pixel Adventure 2/Assets/Enemies/FatBird/Fall (40x48).png
  artifactKey: Guid(0b35535918bf72f4a9f6d0311709b8a2) Importer(815301076,1909f56bfc062723c751e8b465ee728b)
Start importing Assets/Pixel Adventure 2/Assets/Enemies/FatBird/Fall (40x48).png using Guid(0b35535918bf72f4a9f6d0311709b8a2) Importer(815301076,1909f56bfc062723c751e8b465ee728b)  -> (artifact id: 'a19025239551836c059825b76321bb14') in 0.027161 seconds
  Import took 0.033579 seconds .

========================================================================
Received Import Request.
  Time since last request: 0.000249 seconds.
  path: Assets/Pixel Adventure 2/Assets/Enemies/BlueBird/Hit (32x32).png
  artifactKey: Guid(a84745caca919394ea0a3541417402d8) Importer(815301076,1909f56bfc062723c751e8b465ee728b)
Start importing Assets/Pixel Adventure 2/Assets/Enemies/BlueBird/Hit (32x32).png using Guid(a84745caca919394ea0a3541417402d8) Importer(815301076,1909f56bfc062723c751e8b465ee728b)  -> (artifact id: 'ead4addd759e9e8a2718f056ad0825f2') in 0.039107 seconds
  Import took 0.053606 seconds .

========================================================================
Received Import Request.
  Time since last request: 0.000181 seconds.
  path: Assets/Pixel Adventure 2/Assets/Enemies/Plant/Hit (44x42).png
  artifactKey: Guid(99a6f8d881d96d045a18fa94cfb5b914) Importer(815301076,1909f56bfc062723c751e8b465ee728b)
Start importing Assets/Pixel Adventure 2/Assets/Enemies/Plant/Hit (44x42).png using Guid(99a6f8d881d96d045a18fa94cfb5b914) Importer(815301076,1909f56bfc062723c751e8b465ee728b)  -> (artifact id: '9b4078e52c1a9f92a16439e64a7bcd2e') in 0.026729 seconds
  Import took 0.033241 seconds .

========================================================================
Received Import Request.
  Time since last request: 0.000355 seconds.
  path: Assets/Pixel Adventure 2/Assets/Enemies/Chicken/Hit (32x34).png
  artifactKey: Guid(23316aba36e680643b65700c107f2b36) Importer(815301076,1909f56bfc062723c751e8b465ee728b)
Start importing Assets/Pixel Adventure 2/Assets/Enemies/Chicken/Hit (32x34).png using Guid(23316aba36e680643b65700c107f2b36) Importer(815301076,1909f56bfc062723c751e8b465ee728b)  -> (artifact id: '08e1f2df95ffc7dc4a0b9c2f6f43b2b7') in 0.074526 seconds
  Import took 0.089012 seconds .

========================================================================
Received Import Request.
  Time since last request: 0.000248 seconds.
  path: Assets/Pixel Adventure 2/Assets/Enemies/Rino/Hit (52x34).png
  artifactKey: Guid(0d45a0d8b949d0a4e9eafdc24f22ef64) Importer(815301076,1909f56bfc062723c751e8b465ee728b)
Start importing Assets/Pixel Adventure 2/Assets/Enemies/Rino/Hit (52x34).png using Guid(0d45a0d8b949d0a4e9eafdc24f22ef64) Importer(815301076,1909f56bfc062723c751e8b465ee728b)  -> (artifact id: 'e853ad2ef8e32372d4ee588bb8d0d104') in 0.030726 seconds
  Import took 0.034824 seconds .

========================================================================
Received Import Request.
  Time since last request: 0.000299 seconds.
  path: Assets/Pixel Adventure 2/Assets/Enemies/FatBird/Idle (40x48).png
  artifactKey: Guid(60beccb521110cf40be533c702156072) Importer(815301076,1909f56bfc062723c751e8b465ee728b)
Start importing Assets/Pixel Adventure 2/Assets/Enemies/FatBird/Idle (40x48).png using Guid(60beccb521110cf40be533c702156072) Importer(815301076,1909f56bfc062723c751e8b465ee728b)  -> (artifact id: '0818002f8beca869c767cee9c6f42814') in 0.065301 seconds
  Import took 0.069342 seconds .

========================================================================
Received Import Request.
  Time since last request: 0.000210 seconds.
  path: Assets/Pixel Adventure 2/Assets/Enemies/Slime/Hit (44x30).png
  artifactKey: Guid(80ab1d417eec35e43a8ac810121ef5df) Importer(815301076,1909f56bfc062723c751e8b465ee728b)
Start importing Assets/Pixel Adventure 2/Assets/Enemies/Slime/Hit (44x30).png using Guid(80ab1d417eec35e43a8ac810121ef5df) Importer(815301076,1909f56bfc062723c751e8b465ee728b)  -> (artifact id: '89fd543a9a38f7645b0367f7971ff7c6') in 0.056161 seconds
  Import took 0.059835 seconds .

========================================================================
Received Import Request.
  Time since last request: 0.000207 seconds.
  path: Assets/Cainos/Pixel Art Platformer - Village Props/Texture/TX Tileset Ground.png
  artifactKey: Guid(bb35af95735851440927571ef230221b) Importer(815301076,1909f56bfc062723c751e8b465ee728b)
Start importing Assets/Cainos/Pixel Art Platformer - Village Props/Texture/TX Tileset Ground.png using Guid(bb35af95735851440927571ef230221b) Importer(815301076,1909f56bfc062723c751e8b465ee728b)  -> (artifact id: '8bd5a3b5bd8129f3166c5aa0c662e09c') in 0.121968 seconds
  Import took 0.125855 seconds .

========================================================================
Received Import Request.
  Time since last request: 0.000193 seconds.
  path: Assets/Pixel Adventure 2/Assets/Enemies/Snail/Walk (38x24).png
  artifactKey: Guid(505391a19bb05954ea44a8929a7104ec) Importer(815301076,1909f56bfc062723c751e8b465ee728b)
Start importing Assets/Pixel Adventure 2/Assets/Enemies/Snail/Walk (38x24).png using Guid(505391a19bb05954ea44a8929a7104ec) Importer(815301076,1909f56bfc062723c751e8b465ee728b)  -> (artifact id: '8fd787bc72da9a9260233de1548e5139') in 0.059471 seconds
  Import took 0.063390 seconds .

========================================================================
Received Import Request.
  Time since last request: 0.000218 seconds.
  path: Assets/Pixel Adventure 2/Assets/Enemies/Rocks/Rock2_Idle (32x28).png
  artifactKey: Guid(f7ea70eedecbfe34a93819309bcaf901) Importer(815301076,1909f56bfc062723c751e8b465ee728b)
Start importing Assets/Pixel Adventure 2/Assets/Enemies/Rocks/Rock2_Idle (32x28).png using Guid(f7ea70eedecbfe34a93819309bcaf901) Importer(815301076,1909f56bfc062723c751e8b465ee728b)  -> (artifact id: '94131ce138528bad4c9d053aa28ab4fb') in 0.099780 seconds
  Import took 0.115789 seconds .

========================================================================
Received Import Request.
  Time since last request: 0.000259 seconds.
  path: Assets/Pixel Adventure 2/Assets/Enemies/Snail/Snail without shell.png
  artifactKey: Guid(3aad790845ea9f14a9e5da10a5d3f856) Importer(815301076,1909f56bfc062723c751e8b465ee728b)
Start importing Assets/Pixel Adventure 2/Assets/Enemies/Snail/Snail without shell.png using Guid(3aad790845ea9f14a9e5da10a5d3f856) Importer(815301076,1909f56bfc062723c751e8b465ee728b)  -> (artifact id: '01decb0e1aa5544c749bad48a646fd6f') in 0.025448 seconds
  Import took 0.031004 seconds .

========================================================================
Received Import Request.
  Time since last request: 0.000252 seconds.
  path: Assets/Pixel Adventure 2/Assets/Enemies/Bat/Flying (46x30).png
  artifactKey: Guid(d2de0d5d65de6fe4c819bae5f4e4c117) Importer(815301076,1909f56bfc062723c751e8b465ee728b)
Start importing Assets/Pixel Adventure 2/Assets/Enemies/Bat/Flying (46x30).png using Guid(d2de0d5d65de6fe4c819bae5f4e4c117) Importer(815301076,1909f56bfc062723c751e8b465ee728b)  -> (artifact id: '447b2f6acb33cbca3218808df89faf6d') in 0.063783 seconds
  Import took 0.067716 seconds .

========================================================================
Received Import Request.
  Time since last request: 0.000258 seconds.
  path: Assets/Pixel Adventure 2/Assets/Enemies/Duck/Idle (36x36).png
  artifactKey: Guid(35e086690f09c9f46aa162a5be5a4133) Importer(815301076,1909f56bfc062723c751e8b465ee728b)
Start importing Assets/Pixel Adventure 2/Assets/Enemies/Duck/Idle (36x36).png using Guid(35e086690f09c9f46aa162a5be5a4133) Importer(815301076,1909f56bfc062723c751e8b465ee728b)  -> (artifact id: 'ffeed4bb8a448573c22817be26b3e496') in 0.051372 seconds
  Import took 0.059241 seconds .

========================================================================
Received Import Request.
  Time since last request: 0.000212 seconds.
  path: Assets/Pixel Adventure 2/Assets/Enemies/Turtle/Idle 1 (44x26).png
  artifactKey: Guid(81599edd816625a4394b87c55bc6d552) Importer(815301076,1909f56bfc062723c751e8b465ee728b)
Start importing Assets/Pixel Adventure 2/Assets/Enemies/Turtle/Idle 1 (44x26).png using Guid(81599edd816625a4394b87c55bc6d552) Importer(815301076,1909f56bfc062723c751e8b465ee728b)  -> (artifact id: 'b6fc0072f7a4a3a27d4569723b74e584') in 0.064723 seconds
  Import took 0.080542 seconds .

========================================================================
Received Import Request.
  Time since last request: 0.000247 seconds.
  path: Assets/Pixel Adventure 2/Assets/Enemies/Mushroom/Hit (32x32).png
  artifactKey: Guid(16ac26d8f06504f4f9b4ec5b7514595b) Importer(815301076,1909f56bfc062723c751e8b465ee728b)
Start importing Assets/Pixel Adventure 2/Assets/Enemies/Mushroom/Hit (32x32).png using Guid(16ac26d8f06504f4f9b4ec5b7514595b) Importer(815301076,1909f56bfc062723c751e8b465ee728b)  -> (artifact id: 'e835b4a08fc4c9e25d6a1888720081e1') in 0.026521 seconds
  Import took 0.030458 seconds .

========================================================================
Received Import Request.
  Time since last request: 0.000245 seconds.
  path: Assets/Pixel Adventure 2/Assets/Enemies/Bat/Ceiling Out (46x30).png
  artifactKey: Guid(18ded7077989ed04d8cbeaad2545a2b1) Importer(815301076,1909f56bfc062723c751e8b465ee728b)
Start importing Assets/Pixel Adventure 2/Assets/Enemies/Bat/Ceiling Out (46x30).png using Guid(18ded7077989ed04d8cbeaad2545a2b1) Importer(815301076,1909f56bfc062723c751e8b465ee728b)  -> (artifact id: '9d6fdfcee2cde7b59306b03e36ddbf77') in 0.039462 seconds
  Import took 0.043411 seconds .

========================================================================
Received Import Request.
  Time since last request: 0.000297 seconds.
  path: Assets/UI/MainMenuUI.unity
  artifactKey: Guid(e2ec185d93a15ef40b3c6bb02346f855) Importer(815301076,1909f56bfc062723c751e8b465ee728b)
Start importing Assets/UI/MainMenuUI.unity using Guid(e2ec185d93a15ef40b3c6bb02346f855) Importer(815301076,1909f56bfc062723c751e8b465ee728b)  -> (artifact id: '91969c4b174d0261640871a610cdb25e') in 0.008741 seconds
  Import took 0.012469 seconds .

========================================================================
Received Import Request.
  Time since last request: 0.000329 seconds.
  path: Assets/Pixel Adventure 2/Assets/Enemies/Mushroom/Idle (32x32).png
  artifactKey: Guid(a6465882e447a7346b1d80709f6094be) Importer(815301076,1909f56bfc062723c751e8b465ee728b)
Start importing Assets/Pixel Adventure 2/Assets/Enemies/Mushroom/Idle (32x32).png using Guid(a6465882e447a7346b1d80709f6094be) Importer(815301076,1909f56bfc062723c751e8b465ee728b)  -> (artifact id: '9466fd58d561aff443038a740632af3d') in 0.055040 seconds
  Import took 0.059680 seconds .

========================================================================
Received Import Request.
  Time since last request: 0.000217 seconds.
  path: Assets/Pixel Adventure 2/Assets/Enemies/Snail/Shell Top Hit (38x24).png
  artifactKey: Guid(64951a2895af28a48b49917b3da38240) Importer(815301076,1909f56bfc062723c751e8b465ee728b)
Start importing Assets/Pixel Adventure 2/Assets/Enemies/Snail/Shell Top Hit (38x24).png using Guid(64951a2895af28a48b49917b3da38240) Importer(815301076,1909f56bfc062723c751e8b465ee728b)  -> (artifact id: '7ed1544ac502e97634fb955ba092bc6b') in 0.050932 seconds
  Import took 0.054766 seconds .

========================================================================
Received Import Request.
  Time since last request: 0.000258 seconds.
  path: Assets/Pixel Adventure 2/Assets/Enemies/Bee/Hit (36x34).png
  artifactKey: Guid(2ee221a4e4a19ac479fcbde053eb8d60) Importer(815301076,1909f56bfc062723c751e8b465ee728b)
Start importing Assets/Pixel Adventure 2/Assets/Enemies/Bee/Hit (36x34).png using Guid(2ee221a4e4a19ac479fcbde053eb8d60) Importer(815301076,1909f56bfc062723c751e8b465ee728b)  -> (artifact id: '9e9e322f795555cdda1c39f9b2a2997b') in 0.033396 seconds
  Import took 0.037108 seconds .

========================================================================
Received Import Request.
  Time since last request: 0.000262 seconds.
  path: Assets/Pixel Adventure 2/Assets/Enemies/Duck/Jump Anticipation (36x36).png
  artifactKey: Guid(424cf879be82f4745858acac29c12ee3) Importer(815301076,1909f56bfc062723c751e8b465ee728b)
Start importing Assets/Pixel Adventure 2/Assets/Enemies/Duck/Jump Anticipation (36x36).png using Guid(424cf879be82f4745858acac29c12ee3) Importer(815301076,1909f56bfc062723c751e8b465ee728b)  -> (artifact id: '4bdc4879a752f4c9bdd8f0b3270f9d91') in 0.033645 seconds
  Import took 0.037636 seconds .

========================================================================
Received Import Request.
  Time since last request: 0.000273 seconds.
  path: Assets/Pixel Adventure 2/Assets/Enemies/Bat/Hit (46x30).png
  artifactKey: Guid(f5cacef1cf4f89f40a43f057681f4b47) Importer(815301076,1909f56bfc062723c751e8b465ee728b)
Start importing Assets/Pixel Adventure 2/Assets/Enemies/Bat/Hit (46x30).png using Guid(f5cacef1cf4f89f40a43f057681f4b47) Importer(815301076,1909f56bfc062723c751e8b465ee728b)  -> (artifact id: 'da710473651a19b0fd093c185a17ec88') in 0.029213 seconds
  Import took 0.056741 seconds .

========================================================================
Received Import Request.
  Time since last request: 0.000265 seconds.
  path: Assets/UI/AlpacaStudio_Menu_Template/ImageAssets/download.png
  artifactKey: Guid(2dfb819d61d01d64da63137992b2cd2c) Importer(815301076,1909f56bfc062723c751e8b465ee728b)
Start importing Assets/UI/AlpacaStudio_Menu_Template/ImageAssets/download.png using Guid(2dfb819d61d01d64da63137992b2cd2c) Importer(815301076,1909f56bfc062723c751e8b465ee728b)  -> (artifact id: '085de3e38f255d70579ce2e3a9bbd481') in 0.042384 seconds
  Import took 0.046201 seconds .

========================================================================
Received Import Request.
  Time since last request: 0.000200 seconds.
  path: Assets/Pixel Adventure 2/Assets/Enemies/Trunk/Attack (64x32).png
  artifactKey: Guid(44f61062668c947418daa0363265b222) Importer(815301076,1909f56bfc062723c751e8b465ee728b)
Start importing Assets/Pixel Adventure 2/Assets/Enemies/Trunk/Attack (64x32).png using Guid(44f61062668c947418daa0363265b222) Importer(815301076,1909f56bfc062723c751e8b465ee728b)  -> (artifact id: '3b55d1d62c64f0ea63bbdb4a7120cb6c') in 0.059955 seconds
  Import took 0.084688 seconds .

========================================================================
Received Import Request.
  Time since last request: 0.000225 seconds.
  path: Assets/Pixel Adventure 2/Assets/Enemies/Skull/Hit Wall 2 (52x54).png
  artifactKey: Guid(37b1ba7ffc549af49af9b9327b6f897d) Importer(815301076,1909f56bfc062723c751e8b465ee728b)
Start importing Assets/Pixel Adventure 2/Assets/Enemies/Skull/Hit Wall 2 (52x54).png using Guid(37b1ba7ffc549af49af9b9327b6f897d) Importer(815301076,1909f56bfc062723c751e8b465ee728b)  -> (artifact id: '9db55a9e161af0426e6fa2c887ba6f9b') in 0.529389 seconds
  Import took 0.533289 seconds .

========================================================================
Received Import Request.
  Time since last request: 0.000282 seconds.
  path: Assets/Pixel Adventure 2/Assets/Enemies/Chicken/Idle (32x34).png
  artifactKey: Guid(f729d6acae7cd754a864abda75a4bbd7) Importer(815301076,1909f56bfc062723c751e8b465ee728b)
Start importing Assets/Pixel Adventure 2/Assets/Enemies/Chicken/Idle (32x34).png using Guid(f729d6acae7cd754a864abda75a4bbd7) Importer(815301076,1909f56bfc062723c751e8b465ee728b)  -> (artifact id: '84cdc6e08e8acec98a405239a72baecb') in 0.145222 seconds
  Import took 0.177653 seconds .

========================================================================
Received Import Request.
  Time since last request: 0.000248 seconds.
  path: Assets/Pixel Adventure 2/Assets/Enemies/Bee/Idle (36x34).png
  artifactKey: Guid(8721cbbfe3ba6a8418cd21a8de3a410c) Importer(815301076,1909f56bfc062723c751e8b465ee728b)
Start importing Assets/Pixel Adventure 2/Assets/Enemies/Bee/Idle (36x34).png using Guid(8721cbbfe3ba6a8418cd21a8de3a410c) Importer(815301076,1909f56bfc062723c751e8b465ee728b)  -> (artifact id: '9afbe4b9807de3c2a16d2bc243eb3d2c') in 0.034650 seconds
  Import took 0.038983 seconds .

========================================================================
Received Import Request.
  Time since last request: 0.000198 seconds.
  path: Assets/Pixel Adventure 2/Assets/Enemies/Rocks/Rock2_Run (32x28).png
  artifactKey: Guid(341181c8b3919d64b850c988c806bd91) Importer(815301076,1909f56bfc062723c751e8b465ee728b)
Start importing Assets/Pixel Adventure 2/Assets/Enemies/Rocks/Rock2_Run (32x28).png using Guid(341181c8b3919d64b850c988c806bd91) Importer(815301076,1909f56bfc062723c751e8b465ee728b)  -> (artifact id: '2bb7cfad1b0926ba8518c5fcdee76e3a') in 0.078227 seconds
  Import took 0.099238 seconds .

========================================================================
Received Import Request.
  Time since last request: 0.000280 seconds.
  path: Assets/Pixel Adventure 2/Assets/Enemies/Chicken/Run (32x34).png
  artifactKey: Guid(505531a920a60324aa02b4ed57eba7a3) Importer(815301076,1909f56bfc062723c751e8b465ee728b)
Start importing Assets/Pixel Adventure 2/Assets/Enemies/Chicken/Run (32x34).png using Guid(505531a920a60324aa02b4ed57eba7a3) Importer(815301076,1909f56bfc062723c751e8b465ee728b)  -> (artifact id: 'eef42583310989ca77b08117bd480215') in 0.078734 seconds
  Import took 0.100553 seconds .

========================================================================
Received Import Request.
  Time since last request: 0.000278 seconds.
  path: Assets/Pixel Adventure 2/Assets/Enemies/Slime/Particles (16x16).png
  artifactKey: Guid(f2327ba2ad755d74682ebf3174417e5c) Importer(815301076,1909f56bfc062723c751e8b465ee728b)
Start importing Assets/Pixel Adventure 2/Assets/Enemies/Slime/Particles (16x16).png using Guid(f2327ba2ad755d74682ebf3174417e5c) Importer(815301076,1909f56bfc062723c751e8b465ee728b)  -> (artifact id: '679d325cbdcf2a1c13c7842793088f79') in 0.077125 seconds
  Import took 0.100644 seconds .

========================================================================
Received Import Request.
  Time since last request: 0.000271 seconds.
  path: Assets/Pixel Adventure 2/Assets/Enemies/Trunk/Run (64x32).png
  artifactKey: Guid(daf3a34e52af9394d953d7b098baacc1) Importer(815301076,1909f56bfc062723c751e8b465ee728b)
Start importing Assets/Pixel Adventure 2/Assets/Enemies/Trunk/Run (64x32).png using Guid(daf3a34e52af9394d953d7b098baacc1) Importer(815301076,1909f56bfc062723c751e8b465ee728b)  -> (artifact id: '81d16505195e00178c490aaaeedf6382') in 0.060134 seconds
  Import took 0.077263 seconds .

========================================================================
Received Import Request.
  Time since last request: 8.541927 seconds.
  path: Assets/UI/AlpacaStudio_Menu_Template/ImageAssets/reset.png
  artifactKey: Guid(7d398ddaaa011ad43b756184f3d53a38) Importer(815301076,1909f56bfc062723c751e8b465ee728b)
Start importing Assets/UI/AlpacaStudio_Menu_Template/ImageAssets/reset.png using Guid(7d398ddaaa011ad43b756184f3d53a38) Importer(815301076,1909f56bfc062723c751e8b465ee728b)  -> (artifact id: '39de3481d81ae26b86f5b1d218901838') in 0.076419 seconds
  Import took 0.091050 seconds .

========================================================================
Received Import Request.
  Time since last request: 0.000225 seconds.
  path: Assets/Pixel Adventure 2/Assets/Enemies/Rocks/Rock1_Idle (38x34).png
  artifactKey: Guid(419f1f3d5fcf8204389dd119348a56e1) Importer(815301076,1909f56bfc062723c751e8b465ee728b)
Start importing Assets/Pixel Adventure 2/Assets/Enemies/Rocks/Rock1_Idle (38x34).png using Guid(419f1f3d5fcf8204389dd119348a56e1) Importer(815301076,1909f56bfc062723c751e8b465ee728b)  -> (artifact id: '22466c5406b054c2bacf11a4683ad579') in 0.057192 seconds
  Import took 0.075226 seconds .

========================================================================
Received Import Request.
  Time since last request: 0.000196 seconds.
  path: Assets/Pixel Adventure 2/Assets/Enemies/Rocks/Rock1_Hit.png
  artifactKey: Guid(ecdfd8900a81d544cbd663d04322b012) Importer(815301076,1909f56bfc062723c751e8b465ee728b)
Start importing Assets/Pixel Adventure 2/Assets/Enemies/Rocks/Rock1_Hit.png using Guid(ecdfd8900a81d544cbd663d04322b012) Importer(815301076,1909f56bfc062723c751e8b465ee728b)  -> (artifact id: '513d0f200f7a991c5803af1e0b21081f') in 0.019784 seconds
  Import took 0.050714 seconds .

========================================================================
Received Import Request.
  Time since last request: 19.177889 seconds.
  path: Assets/Pixel Adventure 2/Assets/Enemies/Radish/Leafs (16x16).png
  artifactKey: Guid(d66a24f1a595be64bbd51c1a109278b1) Importer(815301076,1909f56bfc062723c751e8b465ee728b)
Start importing Assets/Pixel Adventure 2/Assets/Enemies/Radish/Leafs (16x16).png using Guid(d66a24f1a595be64bbd51c1a109278b1) Importer(815301076,1909f56bfc062723c751e8b465ee728b)  -> (artifact id: 'a788c2993466cf44c7c2686754c92217') in 0.085254 seconds
  Import took 0.102572 seconds .

========================================================================
Received Import Request.
  Time since last request: 45.302277 seconds.
  path: Assets/UI/Menu_Canvas_Standalone.prefab
  artifactKey: Guid(ccf095a20b831024685af41c27d39617) Importer(815301076,1909f56bfc062723c751e8b465ee728b)
Start importing Assets/UI/Menu_Canvas_Standalone.prefab using Guid(ccf095a20b831024685af41c27d39617) Importer(815301076,1909f56bfc062723c751e8b465ee728b)  -> (artifact id: '60fc97686db967a93aa9d9c9fc894ce0') in 0.208881 seconds
  Import took 0.244093 seconds .

========================================================================
Received Import Request.
  Time since last request: 8.908415 seconds.
  path: Assets/UI/Menu_Canvas_Standalone.prefab
  artifactKey: Guid(ccf095a20b831024685af41c27d39617) Importer(815301076,1909f56bfc062723c751e8b465ee728b)
Start importing Assets/UI/Menu_Canvas_Standalone.prefab using Guid(ccf095a20b831024685af41c27d39617) Importer(815301076,1909f56bfc062723c751e8b465ee728b)  -> (artifact id: '05690e4be328c9e4b322d206fad45efc') in 0.008974 seconds
  Import took 0.028986 seconds .

========================================================================
Received Import Request.
  Time since last request: 9.504893 seconds.
  path: Assets/Cainos/Pixel Art Platformer - Village Props/Texture/TX Background Grid.png
  artifactKey: Guid(4525736a9d0538940bce8f13f1227b26) Importer(815301076,1909f56bfc062723c751e8b465ee728b)
Start importing Assets/Cainos/Pixel Art Platformer - Village Props/Texture/TX Background Grid.png using Guid(4525736a9d0538940bce8f13f1227b26) Importer(815301076,1909f56bfc062723c751e8b465ee728b)  -> (artifact id: 'f1356049b4987f1ab94b0ca3938456c5') in 0.046539 seconds
  Import took 0.074570 seconds .

========================================================================
Received Import Request.
  Time since last request: 1.109571 seconds.
  path: Assets/UI/Menu_Canvas_Standalone.prefab
  artifactKey: Guid(ccf095a20b831024685af41c27d39617) Importer(815301076,1909f56bfc062723c751e8b465ee728b)
Start importing Assets/UI/Menu_Canvas_Standalone.prefab using Guid(ccf095a20b831024685af41c27d39617) Importer(815301076,1909f56bfc062723c751e8b465ee728b)  -> (artifact id: '3f7c14ba5a8021d52ff2e8ad4ab20a1e') in 0.009171 seconds
  Import took 0.033818 seconds .

========================================================================
Received Import Request.
  Time since last request: 35.389692 seconds.
  path: Assets/UI/Menu_Canvas_Standalone.prefab
  artifactKey: Guid(ccf095a20b831024685af41c27d39617) Importer(815301076,1909f56bfc062723c751e8b465ee728b)
Start importing Assets/UI/Menu_Canvas_Standalone.prefab using Guid(ccf095a20b831024685af41c27d39617) Importer(815301076,1909f56bfc062723c751e8b465ee728b)  -> (artifact id: 'd8af56d8794d0d95078ae7254d2c2eba') in 0.019261 seconds
  Import took 0.037893 seconds .

========================================================================
Received Import Request.
  Time since last request: 3.943129 seconds.
  path: Assets/UI/Menu_Canvas_Standalone.prefab
  artifactKey: Guid(ccf095a20b831024685af41c27d39617) Importer(815301076,1909f56bfc062723c751e8b465ee728b)
Start importing Assets/UI/Menu_Canvas_Standalone.prefab using Guid(ccf095a20b831024685af41c27d39617) Importer(815301076,1909f56bfc062723c751e8b465ee728b)  -> (artifact id: '3ebfa237c9fc67cc4e3d0d7b48da4d71') in 0.008415 seconds
  Import took 0.022340 seconds .

========================================================================
Received Import Request.
  Time since last request: 2.822146 seconds.
  path: Assets/UI/Menu_Canvas_Standalone.prefab
  artifactKey: Guid(ccf095a20b831024685af41c27d39617) Importer(815301076,1909f56bfc062723c751e8b465ee728b)
Start importing Assets/UI/Menu_Canvas_Standalone.prefab using Guid(ccf095a20b831024685af41c27d39617) Importer(815301076,1909f56bfc062723c751e8b465ee728b)  -> (artifact id: '66608012976ff446b921b0cdd1a7fa62') in 0.008473 seconds
  Import took 0.015223 seconds .

========================================================================
Received Import Request.
  Time since last request: 2.194819 seconds.
  path: Assets/UI/Menu_Canvas_Standalone.prefab
  artifactKey: Guid(ccf095a20b831024685af41c27d39617) Importer(815301076,1909f56bfc062723c751e8b465ee728b)
Start importing Assets/UI/Menu_Canvas_Standalone.prefab using Guid(ccf095a20b831024685af41c27d39617) Importer(815301076,1909f56bfc062723c751e8b465ee728b)  -> (artifact id: 'f42383aa76aabfd1b8d78547841a7e55') in 0.008919 seconds
  Import took 0.029454 seconds .

========================================================================
Received Import Request.
  Time since last request: 2.746873 seconds.
  path: Assets/UI/Menu_Canvas_Standalone.prefab
  artifactKey: Guid(ccf095a20b831024685af41c27d39617) Importer(815301076,1909f56bfc062723c751e8b465ee728b)
Start importing Assets/UI/Menu_Canvas_Standalone.prefab using Guid(ccf095a20b831024685af41c27d39617) Importer(815301076,1909f56bfc062723c751e8b465ee728b)  -> (artifact id: 'cbfdcaf5d12831eb393f73db7b624250') in 0.009114 seconds
  Import took 0.054613 seconds .

========================================================================
Received Import Request.
  Time since last request: 6.915210 seconds.
  path: Assets/UI/Menu_Canvas_Standalone.prefab
  artifactKey: Guid(ccf095a20b831024685af41c27d39617) Importer(815301076,1909f56bfc062723c751e8b465ee728b)
Start importing Assets/UI/Menu_Canvas_Standalone.prefab using Guid(ccf095a20b831024685af41c27d39617) Importer(815301076,1909f56bfc062723c751e8b465ee728b)  -> (artifact id: '946581828060d87be11f3551ac1cfc1b') in 0.009188 seconds
  Import took 0.013608 seconds .

========================================================================
Received Import Request.
  Time since last request: 2.934175 seconds.
  path: Assets/UI/Menu_Canvas_Standalone.prefab
  artifactKey: Guid(ccf095a20b831024685af41c27d39617) Importer(815301076,1909f56bfc062723c751e8b465ee728b)
Start importing Assets/UI/Menu_Canvas_Standalone.prefab using Guid(ccf095a20b831024685af41c27d39617) Importer(815301076,1909f56bfc062723c751e8b465ee728b)  -> (artifact id: '744f0f8fc0283057dea0ff156ee7ada6') in 0.008638 seconds
  Import took 0.015937 seconds .

========================================================================
Received Import Request.
  Time since last request: 5.197762 seconds.
  path: Assets/Pixel Adventure 2/Assets/Enemies/Rocks/Rock1_Run (38x34).png
  artifactKey: Guid(d1c070b3909c48f449d850c642705e8f) Importer(815301076,1909f56bfc062723c751e8b465ee728b)
Start importing Assets/Pixel Adventure 2/Assets/Enemies/Rocks/Rock1_Run (38x34).png using Guid(d1c070b3909c48f449d850c642705e8f) Importer(815301076,1909f56bfc062723c751e8b465ee728b)  -> (artifact id: '1505f00dcbcde2e01bad8c9a507324cf') in 0.070960 seconds
  Import took 0.084991 seconds .

========================================================================
Received Import Request.
  Time since last request: 0.000291 seconds.
  path: Assets/Pixel Adventure 2/Assets/Enemies/Turtle/Spikes out (44x26).png
  artifactKey: Guid(5b94c5df9bdd3c9488690c89f80edde5) Importer(815301076,1909f56bfc062723c751e8b465ee728b)
Start importing Assets/Pixel Adventure 2/Assets/Enemies/Turtle/Spikes out (44x26).png using Guid(5b94c5df9bdd3c9488690c89f80edde5) Importer(815301076,1909f56bfc062723c751e8b465ee728b)  -> (artifact id: 'ee087b3a815dd742f8374c946436855f') in 0.056033 seconds
  Import took 0.075767 seconds .

========================================================================
Received Import Request.
  Time since last request: 0.000389 seconds.
  path: Assets/Pixel Adventure 2/Assets/Enemies/Rocks/Rock3_Idle (22x18).png
  artifactKey: Guid(061e846bd4a5ba449bf75b630b1a7dcb) Importer(815301076,1909f56bfc062723c751e8b465ee728b)
Start importing Assets/Pixel Adventure 2/Assets/Enemies/Rocks/Rock3_Idle (22x18).png using Guid(061e846bd4a5ba449bf75b630b1a7dcb) Importer(815301076,1909f56bfc062723c751e8b465ee728b)  -> (artifact id: '078ebb2916e8f4a579bddf6f4d58def4') in 0.071468 seconds
  Import took 0.075517 seconds .

========================================================================
Received Import Request.
  Time since last request: 0.000262 seconds.
  path: Assets/Pixel Adventure 2/Assets/Enemies/Chameleon/Run (84x38).png
  artifactKey: Guid(5c876d5b9f3c75b409e35030dd07bc57) Importer(815301076,1909f56bfc062723c751e8b465ee728b)
Start importing Assets/Pixel Adventure 2/Assets/Enemies/Chameleon/Run (84x38).png using Guid(5c876d5b9f3c75b409e35030dd07bc57) Importer(815301076,1909f56bfc062723c751e8b465ee728b)  -> (artifact id: '0c6d68a82bea0f4f1231f0a9952a343c') in 0.047374 seconds
  Import took 0.072704 seconds .

========================================================================
Received Import Request.
  Time since last request: 0.781433 seconds.
  path: Assets/UI/Menu_Canvas_Standalone.prefab
  artifactKey: Guid(ccf095a20b831024685af41c27d39617) Importer(815301076,1909f56bfc062723c751e8b465ee728b)
Start importing Assets/UI/Menu_Canvas_Standalone.prefab using Guid(ccf095a20b831024685af41c27d39617) Importer(815301076,1909f56bfc062723c751e8b465ee728b)  -> (artifact id: '2cb353d8dde83dfb763446da28a234d1') in 0.008053 seconds
  Import took 0.021610 seconds .

========================================================================
Received Import Request.
  Time since last request: 2.861704 seconds.
  path: Assets/UI/Menu_Canvas_Standalone.prefab
  artifactKey: Guid(ccf095a20b831024685af41c27d39617) Importer(815301076,1909f56bfc062723c751e8b465ee728b)
Start importing Assets/UI/Menu_Canvas_Standalone.prefab using Guid(ccf095a20b831024685af41c27d39617) Importer(815301076,1909f56bfc062723c751e8b465ee728b)  -> (artifact id: '9567adb590bceb14745c370854e133fb') in 0.007756 seconds
  Import took 0.017324 seconds .

========================================================================
Received Import Request.
  Time since last request: 6.044262 seconds.
  path: Assets/UI/Menu_Canvas_Standalone.prefab
  artifactKey: Guid(ccf095a20b831024685af41c27d39617) Importer(815301076,1909f56bfc062723c751e8b465ee728b)
Start importing Assets/UI/Menu_Canvas_Standalone.prefab using Guid(ccf095a20b831024685af41c27d39617) Importer(815301076,1909f56bfc062723c751e8b465ee728b)  -> (artifact id: '66c1cfe8c01ef059a93780fa67cfe621') in 0.008345 seconds
  Import took 0.022857 seconds .

========================================================================
Received Prepare
Refreshing native plugins compatible for Editor in 3.76 ms, found 3 plugins.
Preloading 0 native plugins for Editor in 0.00 ms.
Unloading 19 Unused Serialized files (Serialized files now loaded: 0)
System memory in use before: 56.6 MB.
System memory in use after: 56.7 MB.

Unloading 21 unused Assets to reduce memory usage. Loaded Objects now: 2854.
Total: 4.059700 ms (FindLiveObjects: 0.380000 ms CreateObjectMapping: 0.089000 ms MarkObjects: 3.428900 ms  DeleteObjects: 0.160200 ms)

AssetImportWorkerClient::OnTransportError - code=2 error=End of file
